2014-06-06 11:54:20,625 DEBUG [neo4j.diagnostics]: --- STARTUP diagnostics START ---
2014-06-06 11:54:20,625 DEBUG [neo4j.diagnostics]: Neo4j Kernel properties:
2014-06-06 11:54:20,625 DEBUG [neo4j.diagnostics]: forced_kernel_id=
2014-06-06 11:54:20,625 DEBUG [neo4j.diagnostics]: read_only=false
2014-06-06 11:54:20,625 DEBUG [neo4j.diagnostics]: neo4j.ext.udc.host=udc.neo4j.org
2014-06-06 11:54:20,625 DEBUG [neo4j.diagnostics]: logical_log=nioneo_logical.log
2014-06-06 11:54:20,625 DEBUG [neo4j.diagnostics]: node_auto_indexing=false
2014-06-06 11:54:20,625 DEBUG [neo4j.diagnostics]: intercept_committing_transactions=false
2014-06-06 11:54:20,625 DEBUG [neo4j.diagnostics]: cache_type=soft
2014-06-06 11:54:20,625 DEBUG [neo4j.diagnostics]: intercept_deserialized_transactions=false
2014-06-06 11:54:20,625 DEBUG [neo4j.diagnostics]: lucene_searcher_cache_size=2147483647
2014-06-06 11:54:20,625 DEBUG [neo4j.diagnostics]: neo4j.ext.udc.interval=86400000
2014-06-06 11:54:20,625 DEBUG [neo4j.diagnostics]: use_memory_mapped_buffers=true
2014-06-06 11:54:20,625 DEBUG [neo4j.diagnostics]: rebuild_idgenerators_fast=true
2014-06-06 11:54:20,625 DEBUG [neo4j.diagnostics]: neostore.propertystore.db.index.keys.mapped_memory=1M
2014-06-06 11:54:20,626 DEBUG [neo4j.diagnostics]: neostore.propertystore.db.arrays.mapped_memory=1245M
2014-06-06 11:54:20,626 DEBUG [neo4j.diagnostics]: neostore.propertystore.db.strings.mapped_memory=1099M
2014-06-06 11:54:20,626 DEBUG [neo4j.diagnostics]: log_mapped_memory_stats_filename=mapped_memory_stats.log
2014-06-06 11:54:20,626 DEBUG [neo4j.diagnostics]: log_mapped_memory_stats_interval=1000000
2014-06-06 11:54:20,626 DEBUG [neo4j.diagnostics]: gcr_cache_min_log_interval=60s
2014-06-06 11:54:20,626 DEBUG [neo4j.diagnostics]: relationship_grab_size=100
2014-06-06 11:54:20,626 DEBUG [neo4j.diagnostics]: relationship_auto_indexing=false
2014-06-06 11:54:20,626 DEBUG [neo4j.diagnostics]: node_cache_array_fraction=1.0
2014-06-06 11:54:20,626 DEBUG [neo4j.diagnostics]: allow_store_upgrade=false
2014-06-06 11:54:20,626 DEBUG [neo4j.diagnostics]: execution_guard_enabled=false
2014-06-06 11:54:20,626 DEBUG [neo4j.diagnostics]: relationship_cache_array_fraction=1.0
2014-06-06 11:54:20,626 DEBUG [neo4j.diagnostics]: remote_logging_host=127.0.0.1
2014-06-06 11:54:20,626 DEBUG [neo4j.diagnostics]: store_dir=target/graph.db
2014-06-06 11:54:20,626 DEBUG [neo4j.diagnostics]: online_backup_enabled=false
2014-06-06 11:54:20,626 DEBUG [neo4j.diagnostics]: remote_logging_port=4560
2014-06-06 11:54:20,626 DEBUG [neo4j.diagnostics]: gc_monitor_threshold=200ms
2014-06-06 11:54:20,626 DEBUG [neo4j.diagnostics]: array_block_size=120
2014-06-06 11:54:20,626 DEBUG [neo4j.diagnostics]: load_kernel_extensions=true
2014-06-06 11:54:20,626 DEBUG [neo4j.diagnostics]: neostore.relationshipstore.db.mapped_memory=1584M
2014-06-06 11:54:20,626 DEBUG [neo4j.diagnostics]: keep_logical_logs=true
2014-06-06 11:54:20,626 DEBUG [neo4j.diagnostics]: dump_configuration=false
2014-06-06 11:54:20,626 DEBUG [neo4j.diagnostics]: gc_monitor_wait_time=100ms
2014-06-06 11:54:20,626 DEBUG [neo4j.diagnostics]: neostore.nodestore.db.mapped_memory=359M
2014-06-06 11:54:20,626 DEBUG [neo4j.diagnostics]: neo4j.ext.udc.first_delay=600000
2014-06-06 11:54:20,626 DEBUG [neo4j.diagnostics]: neo4j.ext.udc.reg=unreg
2014-06-06 11:54:20,626 DEBUG [neo4j.diagnostics]: log_mapped_memory_stats=false
2014-06-06 11:54:20,627 DEBUG [neo4j.diagnostics]: neo_store=neostore
2014-06-06 11:54:20,627 DEBUG [neo4j.diagnostics]: mapped_memory_page_size=1M
2014-06-06 11:54:20,627 DEBUG [neo4j.diagnostics]: query_cache_size=100
2014-06-06 11:54:20,627 DEBUG [neo4j.diagnostics]: logging.threshold_for_rotation=104857600
2014-06-06 11:54:20,627 DEBUG [neo4j.diagnostics]: neostore.propertystore.db.index.mapped_memory=1M
2014-06-06 11:54:20,627 DEBUG [neo4j.diagnostics]: backup_slave=false
2014-06-06 11:54:20,627 DEBUG [neo4j.diagnostics]: neostore.propertystore.db.mapped_memory=1293M
2014-06-06 11:54:20,627 DEBUG [neo4j.diagnostics]: string_block_size=120
2014-06-06 11:54:20,627 DEBUG [neo4j.diagnostics]: grab_file_lock=true
2014-06-06 11:54:20,627 DEBUG [neo4j.diagnostics]: remote_logging_enabled=false
2014-06-06 11:54:20,627 DEBUG [neo4j.diagnostics]: neo4j.ext.udc.enabled=true
2014-06-06 11:54:20,627 DEBUG [neo4j.diagnostics]: all_stores_total_mapped_memory_size=500M
2014-06-06 11:54:20,627 DEBUG [neo4j.diagnostics]: online_backup_port=6362
2014-06-06 11:54:20,627 DEBUG [neo4j.diagnostics]: Diagnostics providers:
2014-06-06 11:54:20,627 DEBUG [neo4j.diagnostics]: org.neo4j.kernel.configuration.Config
2014-06-06 11:54:20,627 DEBUG [neo4j.diagnostics]: org.neo4j.kernel.info.DiagnosticsManager
2014-06-06 11:54:20,627 DEBUG [neo4j.diagnostics]: SYSTEM_MEMORY
2014-06-06 11:54:20,627 DEBUG [neo4j.diagnostics]: JAVA_MEMORY
2014-06-06 11:54:20,627 DEBUG [neo4j.diagnostics]: OPERATING_SYSTEM
2014-06-06 11:54:20,627 DEBUG [neo4j.diagnostics]: JAVA_VIRTUAL_MACHINE
2014-06-06 11:54:20,627 DEBUG [neo4j.diagnostics]: CLASSPATH
2014-06-06 11:54:20,627 DEBUG [neo4j.diagnostics]: LIBRARY_PATH
2014-06-06 11:54:20,627 DEBUG [neo4j.diagnostics]: SYSTEM_PROPERTIES
2014-06-06 11:54:20,627 DEBUG [neo4j.diagnostics]: LINUX_SCHEDULERS
2014-06-06 11:54:20,627 DEBUG [neo4j.diagnostics]: NETWORK
2014-06-06 11:54:20,627 DEBUG [neo4j.diagnostics]: System memory information:
2014-06-06 11:54:20,628 DEBUG [neo4j.diagnostics]: Total Physical memory: 15.61 GB
2014-06-06 11:54:20,628 DEBUG [neo4j.diagnostics]: Free Physical memory: 6.97 GB
2014-06-06 11:54:20,628 DEBUG [neo4j.diagnostics]: Committed virtual memory: 5.69 GB
2014-06-06 11:54:20,628 DEBUG [neo4j.diagnostics]: Total swap space: 7.82 GB
2014-06-06 11:54:20,628 DEBUG [neo4j.diagnostics]: Free swap space: 7.43 GB
2014-06-06 11:54:20,629 DEBUG [neo4j.diagnostics]: JVM memory information:
2014-06-06 11:54:20,629 DEBUG [neo4j.diagnostics]: Free  memory: 254.19 MB
2014-06-06 11:54:20,629 DEBUG [neo4j.diagnostics]: Total memory: 303.50 MB
2014-06-06 11:54:20,629 DEBUG [neo4j.diagnostics]: Max   memory: 3.47 GB
2014-06-06 11:54:20,629 DEBUG [neo4j.diagnostics]: Garbage Collector: PS Scavenge: [PS Eden Space, PS Survivor Space]
2014-06-06 11:54:20,629 DEBUG [neo4j.diagnostics]: Garbage Collector: PS MarkSweep: [PS Eden Space, PS Survivor Space, PS Old Gen, PS Perm Gen]
2014-06-06 11:54:20,629 DEBUG [neo4j.diagnostics]: Memory Pool: Code Cache (Non-heap memory): committed=2.44 MB, used=2.09 MB, max=48.00 MB, threshold=0.00 B
2014-06-06 11:54:20,630 DEBUG [neo4j.diagnostics]: Memory Pool: PS Eden Space (Heap memory): committed=127.00 MB, used=39.24 MB, max=1.28 GB, threshold=?
2014-06-06 11:54:20,630 DEBUG [neo4j.diagnostics]: Memory Pool: PS Survivor Space (Heap memory): committed=10.00 MB, used=9.98 MB, max=10.00 MB, threshold=?
2014-06-06 11:54:20,630 DEBUG [neo4j.diagnostics]: Memory Pool: PS Old Gen (Heap memory): committed=166.50 MB, used=96.02 kB, max=2.60 GB, threshold=0.00 B
2014-06-06 11:54:20,630 DEBUG [neo4j.diagnostics]: Memory Pool: PS Perm Gen (Non-heap memory): committed=27.00 MB, used=26.52 MB, max=82.00 MB, threshold=0.00 B
2014-06-06 11:54:20,630 DEBUG [neo4j.diagnostics]: Operating system information:
2014-06-06 11:54:20,631 DEBUG [neo4j.diagnostics]: Operating System: Linux; version: 3.13.10-200.fc20.x86_64; arch: amd64; cpus: 8
2014-06-06 11:54:20,631 DEBUG [neo4j.diagnostics]: Max number of file descriptors: 4096
2014-06-06 11:54:20,631 DEBUG [neo4j.diagnostics]: Number of open file descriptors: 115
2014-06-06 11:54:20,631 DEBUG [neo4j.diagnostics]: Process id: 602@localhost.localdomain
2014-06-06 11:54:20,631 DEBUG [neo4j.diagnostics]: Byte order: LITTLE_ENDIAN
2014-06-06 11:54:20,631 DEBUG [neo4j.diagnostics]: Local timezone: America/Denver
2014-06-06 11:54:20,631 DEBUG [neo4j.diagnostics]: JVM information:
2014-06-06 11:54:20,631 DEBUG [neo4j.diagnostics]: VM Name: Java HotSpot(TM) 64-Bit Server VM
2014-06-06 11:54:20,631 DEBUG [neo4j.diagnostics]: VM Vendor: Oracle Corporation
2014-06-06 11:54:20,631 DEBUG [neo4j.diagnostics]: VM Version: 24.55-b03
2014-06-06 11:54:20,631 DEBUG [neo4j.diagnostics]: JIT compiler: HotSpot 64-Bit Tiered Compilers
2014-06-06 11:54:20,631 DEBUG [neo4j.diagnostics]: VM Arguments: []
2014-06-06 11:54:20,631 DEBUG [neo4j.diagnostics]: Java classpath:
2014-06-06 11:54:20,633 DEBUG [neo4j.diagnostics]:  [classpath] /home/sheimmer/.m2/repository/org/slf4j/slf4j-api/1.7.1/slf4j-api-1.7.1.jar
2014-06-06 11:54:20,633 DEBUG [neo4j.diagnostics]:  [classpath] /home/sheimmer/.m2/repository/ch/qos/logback/logback-classic/1.0.6/logback-classic-1.0.6.jar
2014-06-06 11:54:20,633 DEBUG [neo4j.diagnostics]:  [classpath] /home/sheimmer/.m2/repository/org/springframework/spring-core/3.2.1.RELEASE/spring-core-3.2.1.RELEASE.jar
2014-06-06 11:54:20,633 DEBUG [neo4j.diagnostics]:  [classpath] /home/sheimmer/.m2/repository/jakarta-regexp/jakarta-regexp/1.4/jakarta-regexp-1.4.jar
2014-06-06 11:54:20,633 DEBUG [neo4j.diagnostics]:  [bootstrap] /usr/java/jdk1.7.0_55/jre/lib/charsets.jar
2014-06-06 11:54:20,633 DEBUG [neo4j.diagnostics]:  [loader.1] file:/usr/java/jdk1.7.0_55/jre/lib/ext/sunec.jar
2014-06-06 11:54:20,633 DEBUG [neo4j.diagnostics]:  [classpath] /home/sheimmer/.m2/repository/org/neo4j/neo4j-lucene-index/1.8.1/neo4j-lucene-index-1.8.1.jar
2014-06-06 11:54:20,633 DEBUG [neo4j.diagnostics]:  [classpath] /home/sheimmer/.m2/repository/org/springframework/data/spring-data-commons/1.5.0.RELEASE/spring-data-commons-1.5.0.RELEASE.jar
2014-06-06 11:54:20,633 DEBUG [neo4j.diagnostics]:  [classpath] /home/sheimmer/.m2/repository/cglib/cglib/2.2.2/cglib-2.2.2.jar
2014-06-06 11:54:20,633 DEBUG [neo4j.diagnostics]:  [bootstrap] /usr/java/jdk1.7.0_55/jre/lib/sunrsasign.jar
2014-06-06 11:54:20,633 DEBUG [neo4j.diagnostics]:  [classpath] /home/sheimmer/.m2/repository/org/scala-lang/scala-library/2.9.1-1/scala-library-2.9.1-1.jar
2014-06-06 11:54:20,633 DEBUG [neo4j.diagnostics]:  [classpath] /home/sheimmer/.m2/repository/org/slf4j/jcl-over-slf4j/1.7.1/jcl-over-slf4j-1.7.1.jar
2014-06-06 11:54:20,633 DEBUG [neo4j.diagnostics]:  [classpath] /home/sheimmer/.m2/repository/org/apache/lucene/lucene-queries/3.5.0/lucene-queries-3.5.0.jar
2014-06-06 11:54:20,633 DEBUG [neo4j.diagnostics]:  [classpath] /home/sheimmer/.m2/repository/org/hamcrest/hamcrest-core/1.3/hamcrest-core-1.3.jar
2014-06-06 11:54:20,633 DEBUG [neo4j.diagnostics]:  [bootstrap] /usr/java/jdk1.7.0_55/jre/lib/rt.jar
2014-06-06 11:54:20,633 DEBUG [neo4j.diagnostics]:  [classpath] /home/sheimmer/.m2/repository/org/hamcrest/hamcrest-library/1.3/hamcrest-library-1.3.jar
2014-06-06 11:54:20,633 DEBUG [neo4j.diagnostics]:  [classpath] /home/sheimmer/.m2/repository/org/neo4j/neo4j-graph-algo/1.8.1/neo4j-graph-algo-1.8.1.jar
2014-06-06 11:54:20,633 DEBUG [neo4j.diagnostics]:  [bootstrap] /usr/java/jdk1.7.0_55/jre/lib/jce.jar
2014-06-06 11:54:20,633 DEBUG [neo4j.diagnostics]:  [classpath] /home/sheimmer/.m2/repository/org/springframework/spring-beans/3.2.1.RELEASE/spring-beans-3.2.1.RELEASE.jar
2014-06-06 11:54:20,633 DEBUG [neo4j.diagnostics]:  [loader.1] file:/usr/java/jdk1.7.0_55/jre/lib/ext/zipfs.jar
2014-06-06 11:54:20,633 DEBUG [neo4j.diagnostics]:  [classpath] /home/sheimmer/.m2/repository/com/mysema/codegen/codegen/0.5.6/codegen-0.5.6.jar
2014-06-06 11:54:20,633 DEBUG [neo4j.diagnostics]:  [classpath] /home/sheimmer/.m2/repository/com/google/code/findbugs/jsr305/1.3.9/jsr305-1.3.9.jar
2014-06-06 11:54:20,633 DEBUG [neo4j.diagnostics]:  [loader.1] file:/usr/java/jdk1.7.0_55/jre/lib/ext/sunjce_provider.jar
2014-06-06 11:54:20,633 DEBUG [neo4j.diagnostics]:  [classpath] /home/sheimmer/Regis_SE_Masters_Work-Classes/8- 2013 Quarter 2 Fall/MSEE 676 Advanced Enterprise Java/workspace/restNeo4jHack/restNeoHack-service/target/classes
2014-06-06 11:54:20,634 DEBUG [neo4j.diagnostics]:  [loader.1] file:/usr/java/jdk1.7.0_55/jre/lib/ext/sunpkcs11.jar
2014-06-06 11:54:20,634 DEBUG [neo4j.diagnostics]:  [classpath] /home/sheimmer/.m2/repository/org/springframework/spring-orm/3.2.1.RELEASE/spring-orm-3.2.1.RELEASE.jar
2014-06-06 11:54:20,634 DEBUG [neo4j.diagnostics]:  [classpath] /home/sheimmer/.m2/repository/com/google/guava/guava/11.0.2/guava-11.0.2.jar
2014-06-06 11:54:20,634 DEBUG [neo4j.diagnostics]:  [classpath] /home/sheimmer/.m2/repository/junit/junit-dep/4.10/junit-dep-4.10.jar
2014-06-06 11:54:20,634 DEBUG [neo4j.diagnostics]:  [classpath] /home/sheimmer/.m2/repository/ch/qos/logback/logback-core/1.0.6/logback-core-1.0.6.jar
2014-06-06 11:54:20,634 DEBUG [neo4j.diagnostics]:  [classpath] /home/sheimmer/.m2/repository/org/neo4j/neo4j-cypher-dsl/1.8/neo4j-cypher-dsl-1.8.jar
2014-06-06 11:54:20,634 DEBUG [neo4j.diagnostics]:  [classpath] /home/sheimmer/.m2/repository/org/springframework/spring-aop/3.2.1.RELEASE/spring-aop-3.2.1.RELEASE.jar
2014-06-06 11:54:20,634 DEBUG [neo4j.diagnostics]:  [classpath] /home/sheimmer/.m2/repository/javax/validation/validation-api/1.0.0.GA/validation-api-1.0.0.GA.jar
2014-06-06 11:54:20,634 DEBUG [neo4j.diagnostics]:  [bootstrap] /usr/java/jdk1.7.0_55/jre/lib/jsse.jar
2014-06-06 11:54:20,634 DEBUG [neo4j.diagnostics]:  [classpath] /home/sheimmer/.m2/repository/org/neo4j/neo4j-graph-matching/1.8.1/neo4j-graph-matching-1.8.1.jar
2014-06-06 11:54:20,634 DEBUG [neo4j.diagnostics]:  [loader.1] file:/usr/java/jdk1.7.0_55/jre/lib/ext/localedata.jar
2014-06-06 11:54:20,634 DEBUG [neo4j.diagnostics]:  [loader.1] file:/usr/java/jdk1.7.0_55/jre/lib/ext/dnsns.jar
2014-06-06 11:54:20,634 DEBUG [neo4j.diagnostics]:  [classpath] /home/sheimmer/.m2/repository/org/springframework/spring-expression/3.2.1.RELEASE/spring-expression-3.2.1.RELEASE.jar
2014-06-06 11:54:20,634 DEBUG [neo4j.diagnostics]:  [classpath] /home/sheimmer/.m2/repository/org/springframework/spring-tx/3.2.1.RELEASE/spring-tx-3.2.1.RELEASE.jar
2014-06-06 11:54:20,634 DEBUG [neo4j.diagnostics]:  [classpath] /home/sheimmer/.m2/repository/org/aspectj/aspectjweaver/1.7.1/aspectjweaver-1.7.1.jar
2014-06-06 11:54:20,634 DEBUG [neo4j.diagnostics]:  [classpath] /home/sheimmer/.m2/repository/org/neo4j/neo4j-udc/1.8.1/neo4j-udc-1.8.1.jar
2014-06-06 11:54:20,634 DEBUG [neo4j.diagnostics]:  [bootstrap] /usr/java/jdk1.7.0_55/jre/lib/resources.jar
2014-06-06 11:54:20,634 DEBUG [neo4j.diagnostics]:  [classpath] /home/sheimmer/.m2/repository/com/mysema/querydsl/querydsl-codegen/2.9.0/querydsl-codegen-2.9.0.jar
2014-06-06 11:54:20,634 DEBUG [neo4j.diagnostics]:  [classpath] /home/sheimmer/.m2/repository/org/springframework/spring-context/3.2.1.RELEASE/spring-context-3.2.1.RELEASE.jar
2014-06-06 11:54:20,634 DEBUG [neo4j.diagnostics]:  [classpath] /home/sheimmer/.m2/repository/org/springframework/spring-test/3.2.1.RELEASE/spring-test-3.2.1.RELEASE.jar
2014-06-06 11:54:20,634 DEBUG [neo4j.diagnostics]:  [classpath] /home/sheimmer/.m2/repository/javax/inject/javax.inject/1/javax.inject-1.jar
2014-06-06 11:54:20,634 DEBUG [neo4j.diagnostics]:  [classpath] /home/sheimmer/.m2/repository/org/springframework/spring-aspects/3.2.1.RELEASE/spring-aspects-3.2.1.RELEASE.jar
2014-06-06 11:54:20,634 DEBUG [neo4j.diagnostics]:  [classpath] /home/sheimmer/.m2/repository/org/springframework/data/spring-data-neo4j/2.2.0.RELEASE/spring-data-neo4j-2.2.0.RELEASE.jar
2014-06-06 11:54:20,634 DEBUG [neo4j.diagnostics]:  [classpath] /home/sheimmer/.m2/repository/com/mysema/querydsl/querydsl-core/2.9.0/querydsl-core-2.9.0.jar
2014-06-06 11:54:20,634 DEBUG [neo4j.diagnostics]:  [classpath] /home/sheimmer/.m2/repository/org/apache/lucene/lucene-core/3.5.0/lucene-core-3.5.0.jar
2014-06-06 11:54:20,634 DEBUG [neo4j.diagnostics]:  [classpath] /home/sheimmer/.m2/repository/com/googlecode/concurrentlinkedhashmap/concurrentlinkedhashmap-lru/1.3.1/concurrentlinkedhashmap-lru-1.3.1.jar
2014-06-06 11:54:20,634 DEBUG [neo4j.diagnostics]:  [classpath] /home/sheimmer/.m2/repository/org/neo4j/neo4j-jmx/1.8.1/neo4j-jmx-1.8.1.jar
2014-06-06 11:54:20,634 DEBUG [neo4j.diagnostics]:  [bootstrap] /usr/java/jdk1.7.0_55/jre/lib/jfr.jar
2014-06-06 11:54:20,635 DEBUG [neo4j.diagnostics]:  [classpath] /home/sheimmer/.m2/repository/org/neo4j/neo4j-cypher/1.8.1/neo4j-cypher-1.8.1.jar
2014-06-06 11:54:20,635 DEBUG [neo4j.diagnostics]:  [classpath] /home/sheimmer/.m2/repository/org/eclipse/jdt/core/compiler/ecj/3.7.2/ecj-3.7.2.jar
2014-06-06 11:54:20,635 DEBUG [neo4j.diagnostics]:  [classpath] /home/sheimmer/.m2/repository/org/neo4j/neo4j-kernel/1.8.1/neo4j-kernel-1.8.1.jar
2014-06-06 11:54:20,635 DEBUG [neo4j.diagnostics]:  [classpath] /home/sheimmer/.m2/repository/org/springframework/spring-context-support/3.2.1.RELEASE/spring-context-support-3.2.1.RELEASE.jar
2014-06-06 11:54:20,635 DEBUG [neo4j.diagnostics]:  [classpath] /home/sheimmer/.m2/repository/com/mysema/commons/mysema-commons-lang/0.2.4/mysema-commons-lang-0.2.4.jar
2014-06-06 11:54:20,635 DEBUG [neo4j.diagnostics]:  [classpath] /home/sheimmer/Regis_SE_Masters_Work-Classes/8- 2013 Quarter 2 Fall/MSEE 676 Advanced Enterprise Java/workspace/restNeo4jHack/restNeoHack-service/target/test-classes
2014-06-06 11:54:20,635 DEBUG [neo4j.diagnostics]:  [classpath] /home/sheimmer/.m2/repository/org/apache/geronimo/specs/geronimo-jta_1.1_spec/1.1.1/geronimo-jta_1.1_spec-1.1.1.jar
2014-06-06 11:54:20,635 DEBUG [neo4j.diagnostics]:  [classpath] /home/sheimmer/.m2/repository/asm/asm/3.3.1/asm-3.3.1.jar
2014-06-06 11:54:20,635 DEBUG [neo4j.diagnostics]:  [classpath] /home/sheimmer/.m2/repository/com/mysema/querydsl/querydsl-lucene/2.9.0/querydsl-lucene-2.9.0.jar
2014-06-06 11:54:20,635 DEBUG [neo4j.diagnostics]:  [classpath] /home/sheimmer/.m2/repository/com/mysema/querydsl/querydsl-apt/2.9.0/querydsl-apt-2.9.0.jar
2014-06-06 11:54:20,635 DEBUG [neo4j.diagnostics]:  [bootstrap] /usr/java/jdk1.7.0_55/jre/classes
2014-06-06 11:54:20,635 DEBUG [neo4j.diagnostics]:  [loader.0] file:/home/sheimmer/Regis_SE_Masters_Work-Classes/8-%202013%20Quarter%202%20Fall/MSEE%20676%20Advanced%20Enterprise%20Java/workspace/restNeo4jHack/restNeoHack-service/target/surefire/surefirebooter4575113944118488234.jar
2014-06-06 11:54:20,635 DEBUG [neo4j.diagnostics]:  [classpath] /home/sheimmer/.m2/repository/aopalliance/aopalliance/1.0/aopalliance-1.0.jar
2014-06-06 11:54:20,635 DEBUG [neo4j.diagnostics]:  [classpath] /home/sheimmer/.m2/repository/org/neo4j/neo4j/1.8.1/neo4j-1.8.1.jar
2014-06-06 11:54:20,635 DEBUG [neo4j.diagnostics]:  [classpath] /home/sheimmer/.m2/repository/org/aspectj/aspectjrt/1.7.1/aspectjrt-1.7.1.jar
2014-06-06 11:54:20,635 DEBUG [neo4j.diagnostics]: Library path:
2014-06-06 11:54:20,635 DEBUG [neo4j.diagnostics]: /usr/java/jdk1.7.0_55/jre/lib/amd64
2014-06-06 11:54:20,635 DEBUG [neo4j.diagnostics]: /usr/java/jdk1.7.0_55/jre/lib/i386
2014-06-06 11:54:20,635 DEBUG [neo4j.diagnostics]: /opt/db2/V9.7/lib64
2014-06-06 11:54:20,635 DEBUG [neo4j.diagnostics]: /opt/db2/V9.7/lib32
2014-06-06 11:54:20,635 DEBUG [neo4j.diagnostics]: /usr/java/packages/lib/amd64
2014-06-06 11:54:20,635 DEBUG [neo4j.diagnostics]: /usr/lib64
2014-06-06 11:54:20,636 DEBUG [neo4j.diagnostics]: /usr/lib64
2014-06-06 11:54:20,636 DEBUG [neo4j.diagnostics]: /usr/lib
2014-06-06 11:54:20,636 DEBUG [neo4j.diagnostics]: /usr/lib
2014-06-06 11:54:20,636 DEBUG [neo4j.diagnostics]: System.properties:
2014-06-06 11:54:20,636 DEBUG [neo4j.diagnostics]: sun.boot.library.path = /usr/java/jdk1.7.0_55/jre/lib/amd64
2014-06-06 11:54:20,636 DEBUG [neo4j.diagnostics]: path.separator = :
2014-06-06 11:54:20,636 DEBUG [neo4j.diagnostics]: file.encoding.pkg = sun.io
2014-06-06 11:54:20,636 DEBUG [neo4j.diagnostics]: user.country = US
2014-06-06 11:54:20,636 DEBUG [neo4j.diagnostics]: sun.java.launcher = SUN_STANDARD
2014-06-06 11:54:20,636 DEBUG [neo4j.diagnostics]: sun.os.patch.level = unknown
2014-06-06 11:54:20,636 DEBUG [neo4j.diagnostics]: user.dir = /home/sheimmer/Regis_SE_Masters_Work-Classes/8- 2013 Quarter 2 Fall/MSEE 676 Advanced Enterprise Java/workspace/restNeo4jHack/restNeoHack-service
2014-06-06 11:54:20,636 DEBUG [neo4j.diagnostics]: basedir = /home/sheimmer/Regis_SE_Masters_Work-Classes/8- 2013 Quarter 2 Fall/MSEE 676 Advanced Enterprise Java/workspace/restNeo4jHack/restNeoHack-service
2014-06-06 11:54:20,636 DEBUG [neo4j.diagnostics]: surefire.real.class.path = /home/sheimmer/Regis_SE_Masters_Work-Classes/8- 2013 Quarter 2 Fall/MSEE 676 Advanced Enterprise Java/workspace/restNeo4jHack/restNeoHack-service/target/surefire/surefirebooter4575113944118488234.jar
2014-06-06 11:54:20,636 DEBUG [neo4j.diagnostics]: maven.ext.class.path = /home/sheimmer/netbeans-8.0/java/maven-nblib/netbeans-eventspy.jar
2014-06-06 11:54:20,636 DEBUG [neo4j.diagnostics]: sun.jnu.encoding = UTF-8
2014-06-06 11:54:20,636 DEBUG [neo4j.diagnostics]: surefire.test.class.path = /home/sheimmer/Regis_SE_Masters_Work-Classes/8- 2013 Quarter 2 Fall/MSEE 676 Advanced Enterprise Java/workspace/restNeo4jHack/restNeoHack-service/target/test-classes:/home/sheimmer/Regis_SE_Masters_Work-Classes/8- 2013 Quarter 2 Fall/MSEE 676 Advanced Enterprise Java/workspace/restNeo4jHack/restNeoHack-service/target/classes:/home/sheimmer/.m2/repository/org/springframework/spring-core/3.2.1.RELEASE/spring-core-3.2.1.RELEASE.jar:/home/sheimmer/.m2/repository/org/springframework/spring-beans/3.2.1.RELEASE/spring-beans-3.2.1.RELEASE.jar:/home/sheimmer/.m2/repository/org/springframework/spring-context/3.2.1.RELEASE/spring-context-3.2.1.RELEASE.jar:/home/sheimmer/.m2/repository/org/springframework/spring-expression/3.2.1.RELEASE/spring-expression-3.2.1.RELEASE.jar:/home/sheimmer/.m2/repository/org/springframework/spring-aop/3.2.1.RELEASE/spring-aop-3.2.1.RELEASE.jar:/home/sheimmer/.m2/repository/aopalliance/aopalliance/1.0/aopalliance-1.0.jar:/home/sheimmer/.m2/repository/org/slf4j/slf4j-api/1.7.1/slf4j-api-1.7.1.jar:/home/sheimmer/.m2/repository/org/slf4j/jcl-over-slf4j/1.7.1/jcl-over-slf4j-1.7.1.jar:/home/sheimmer/.m2/repository/ch/qos/logback/logback-classic/1.0.6/logback-classic-1.0.6.jar:/home/sheimmer/.m2/repository/ch/qos/logback/logback-core/1.0.6/logback-core-1.0.6.jar:/home/sheimmer/.m2/repository/org/springframework/data/spring-data-neo4j/2.2.0.RELEASE/spring-data-neo4j-2.2.0.RELEASE.jar:/home/sheimmer/.m2/repository/org/aspectj/aspectjrt/1.7.1/aspectjrt-1.7.1.jar:/home/sheimmer/.m2/repository/org/springframework/data/spring-data-commons/1.5.0.RELEASE/spring-data-commons-1.5.0.RELEASE.jar:/home/sheimmer/.m2/repository/org/neo4j/neo4j/1.8.1/neo4j-1.8.1.jar:/home/sheimmer/.m2/repository/org/neo4j/neo4j-kernel/1.8.1/neo4j-kernel-1.8.1.jar:/home/sheimmer/.m2/repository/org/apache/geronimo/specs/geronimo-jta_1.1_spec/1.1.1/geronimo-jta_1.1_spec-1.1.1.jar:/home/sheimmer/.m2/repository/org/neo4j/neo4j-lucene-index/1.8.1/neo4j-lucene-index-1.8.1.jar:/home/sheimmer/.m2/repository/org/neo4j/neo4j-graph-algo/1.8.1/neo4j-graph-algo-1.8.1.jar:/home/sheimmer/.m2/repository/org/neo4j/neo4j-udc/1.8.1/neo4j-udc-1.8.1.jar:/home/sheimmer/.m2/repository/org/neo4j/neo4j-graph-matching/1.8.1/neo4j-graph-matching-1.8.1.jar:/home/sheimmer/.m2/repository/org/neo4j/neo4j-jmx/1.8.1/neo4j-jmx-1.8.1.jar:/home/sheimmer/.m2/repository/org/neo4j/neo4j-cypher/1.8.1/neo4j-cypher-1.8.1.jar:/home/sheimmer/.m2/repository/org/scala-lang/scala-library/2.9.1-1/scala-library-2.9.1-1.jar:/home/sheimmer/.m2/repository/com/googlecode/concurrentlinkedhashmap/concurrentlinkedhashmap-lru/1.3.1/concurrentlinkedhashmap-lru-1.3.1.jar:/home/sheimmer/.m2/repository/javax/validation/validation-api/1.0.0.GA/validation-api-1.0.0.GA.jar:/home/sheimmer/.m2/repository/org/springframework/spring-tx/3.2.1.RELEASE/spring-tx-3.2.1.RELEASE.jar:/home/sheimmer/.m2/repository/org/springframework/spring-aspects/3.2.1.RELEASE/spring-aspects-3.2.1.RELEASE.jar:/home/sheimmer/.m2/repository/org/aspectj/aspectjweaver/1.7.1/aspectjweaver-1.7.1.jar:/home/sheimmer/.m2/repository/org/springframework/spring-context-support/3.2.1.RELEASE/spring-context-support-3.2.1.RELEASE.jar:/home/sheimmer/.m2/repository/org/springframework/spring-orm/3.2.1.RELEASE/spring-orm-3.2.1.RELEASE.jar:/home/sheimmer/.m2/repository/org/neo4j/neo4j-cypher-dsl/1.8/neo4j-cypher-dsl-1.8.jar:/home/sheimmer/.m2/repository/org/apache/lucene/lucene-queries/3.5.0/lucene-queries-3.5.0.jar:/home/sheimmer/.m2/repository/org/apache/lucene/lucene-core/3.5.0/lucene-core-3.5.0.jar:/home/sheimmer/.m2/repository/jakarta-regexp/jakarta-regexp/1.4/jakarta-regexp-1.4.jar:/home/sheimmer/.m2/repository/com/mysema/querydsl/querydsl-lucene/2.9.0/querydsl-lucene-2.9.0.jar:/home/sheimmer/.m2/repository/com/mysema/querydsl/querydsl-core/2.9.0/querydsl-core-2.9.0.jar:/home/sheimmer/.m2/repository/com/google/guava/guava/11.0.2/guava-11.0.2.jar:/home/sheimmer/.m2/repository/com/google/code/findbugs/jsr305/1.3.9/jsr305-1.3.9.jar:/home/sheimmer/.m2/repository/com/mysema/commons/mysema-commons-lang/0.2.4/mysema-commons-lang-0.2.4.jar:/home/sheimmer/.m2/repository/cglib/cglib/2.2.2/cglib-2.2.2.jar:/home/sheimmer/.m2/repository/asm/asm/3.3.1/asm-3.3.1.jar:/home/sheimmer/.m2/repository/com/mysema/querydsl/querydsl-apt/2.9.0/querydsl-apt-2.9.0.jar:/home/sheimmer/.m2/repository/com/mysema/querydsl/querydsl-codegen/2.9.0/querydsl-codegen-2.9.0.jar:/home/sheimmer/.m2/repository/com/mysema/codegen/codegen/0.5.6/codegen-0.5.6.jar:/home/sheimmer/.m2/repository/org/eclipse/jdt/core/compiler/ecj/3.7.2/ecj-3.7.2.jar:/home/sheimmer/.m2/repository/javax/inject/javax.inject/1/javax.inject-1.jar:/home/sheimmer/.m2/repository/org/hamcrest/hamcrest-library/1.3/hamcrest-library-1.3.jar:/home/sheimmer/.m2/repository/org/hamcrest/hamcrest-core/1.3/hamcrest-core-1.3.jar:/home/sheimmer/.m2/repository/junit/junit-dep/4.10/junit-dep-4.10.jar:/home/sheimmer/.m2/repository/org/springframework/spring-test/3.2.1.RELEASE/spring-test-3.2.1.RELEASE.jar:
2014-06-06 11:54:20,636 DEBUG [neo4j.diagnostics]: sun.management.compiler = HotSpot 64-Bit Tiered Compilers
2014-06-06 11:54:20,636 DEBUG [neo4j.diagnostics]: user.home = /home/sheimmer
2014-06-06 11:54:20,636 DEBUG [neo4j.diagnostics]: user.timezone = America/Denver
2014-06-06 11:54:20,636 DEBUG [neo4j.diagnostics]: file.encoding = UTF-8
2014-06-06 11:54:20,636 DEBUG [neo4j.diagnostics]: user.name = sheimmer
2014-06-06 11:54:20,636 DEBUG [neo4j.diagnostics]: sun.java.command = /home/sheimmer/Regis_SE_Masters_Work-Classes/8- 2013 Quarter 2 Fall/MSEE 676 Advanced Enterprise Java/workspace/restNeo4jHack/restNeoHack-service/target/surefire/surefirebooter4575113944118488234.jar /home/sheimmer/Regis_SE_Masters_Work-Classes/8- 2013 Quarter 2 Fall/MSEE 676 Advanced Enterprise Java/workspace/restNeo4jHack/restNeoHack-service/target/surefire/surefire7194450817735468494tmp /home/sheimmer/Regis_SE_Masters_Work-Classes/8- 2013 Quarter 2 Fall/MSEE 676 Advanced Enterprise Java/workspace/restNeo4jHack/restNeoHack-service/target/surefire/surefire_03439792791507118082tmp
2014-06-06 11:54:20,636 DEBUG [neo4j.diagnostics]: sun.arch.data.model = 64
2014-06-06 11:54:20,637 DEBUG [neo4j.diagnostics]: user.language = en
2014-06-06 11:54:20,637 DEBUG [neo4j.diagnostics]: awt.toolkit = sun.awt.X11.XToolkit
2014-06-06 11:54:20,637 DEBUG [neo4j.diagnostics]: localRepository = /home/sheimmer/.m2/repository
2014-06-06 11:54:20,637 DEBUG [neo4j.diagnostics]: file.separator = /
2014-06-06 11:54:20,637 DEBUG [neo4j.diagnostics]: sun.io.unicode.encoding = UnicodeLittle
2014-06-06 11:54:20,637 DEBUG [neo4j.diagnostics]: sun.cpu.endian = little
2014-06-06 11:54:20,637 DEBUG [neo4j.diagnostics]: sun.desktop = gnome
2014-06-06 11:54:20,637 DEBUG [neo4j.diagnostics]: sun.cpu.isalist = 
2014-06-06 11:54:20,637 DEBUG [neo4j.diagnostics]: Linux scheduler information:
2014-06-06 11:54:20,637 DEBUG [neo4j.diagnostics]: noop deadline [cfq] 
2014-06-06 11:54:20,637 DEBUG [neo4j.diagnostics]: noop deadline [cfq] 
2014-06-06 11:54:20,637 DEBUG [neo4j.diagnostics]: noop deadline [cfq] 
2014-06-06 11:54:20,638 DEBUG [neo4j.diagnostics]: none
2014-06-06 11:54:20,638 DEBUG [neo4j.diagnostics]: none
2014-06-06 11:54:20,638 DEBUG [neo4j.diagnostics]: none
2014-06-06 11:54:20,638 DEBUG [neo4j.diagnostics]: none
2014-06-06 11:54:20,638 DEBUG [neo4j.diagnostics]: none
2014-06-06 11:54:20,638 DEBUG [neo4j.diagnostics]: Network information:
2014-06-06 11:54:20,639 DEBUG [neo4j.diagnostics]: Interface em1:
2014-06-06 11:54:20,639 DEBUG [neo4j.diagnostics]:     address: fe80:0:0:0:fe4d:d4ff:fe49:692a%2
2014-06-06 11:54:20,639 DEBUG [neo4j.diagnostics]:     address: 172.19.34.90
2014-06-06 11:54:20,639 DEBUG [neo4j.diagnostics]: Interface lo:
2014-06-06 11:54:20,639 DEBUG [neo4j.diagnostics]:     address: 0:0:0:0:0:0:0:1%1
2014-06-06 11:54:20,639 DEBUG [neo4j.diagnostics]:     address: 127.0.0.1
2014-06-06 11:54:20,639 DEBUG [neo4j.diagnostics]: --- STARTUP diagnostics END ---
2014-06-06 11:54:20,643 DEBUG [neo4j.diagnostics]: --- STARTUP diagnostics for KernelDiagnostics:Versions START ---
2014-06-06 11:54:20,643 DEBUG [neo4j.diagnostics]: Graph Database: org.neo4j.kernel.EmbeddedGraphDatabase StoreId[time:1402077260366, id:5020483428627785569, store version: 13561656364791302]
2014-06-06 11:54:20,643 DEBUG [neo4j.diagnostics]: Kernel version: Neo4j - Graph Database Kernel 1.8.1
2014-06-06 11:54:20,643 DEBUG [neo4j.diagnostics]: Neo4j component versions:
2014-06-06 11:54:20,644 DEBUG [neo4j.diagnostics]:   Neo4j - Graph Database Kernel 1.8.1
2014-06-06 11:54:20,644 DEBUG [neo4j.diagnostics]: --- STARTUP diagnostics for KernelDiagnostics:Versions END ---
2014-06-06 11:54:20,644 DEBUG [neo4j.diagnostics]: --- STARTUP diagnostics for NEO_STORE_VERSIONS START ---
2014-06-06 11:54:20,644 DEBUG [neo4j.diagnostics]: Store versions:
2014-06-06 11:54:20,644 DEBUG [neo4j.diagnostics]: Store versions:
2014-06-06 11:54:20,644 DEBUG [neo4j.diagnostics]:   NeoStore v0.A.0
2014-06-06 11:54:20,644 DEBUG [neo4j.diagnostics]:   NodeStore v0.A.0
2014-06-06 11:54:20,644 DEBUG [neo4j.diagnostics]:   RelationshipStore v0.A.0
2014-06-06 11:54:20,644 DEBUG [neo4j.diagnostics]:   RelationshipTypeStore v0.A.0
2014-06-06 11:54:20,644 DEBUG [neo4j.diagnostics]:   PropertyStore v0.A.0
2014-06-06 11:54:20,644 DEBUG [neo4j.diagnostics]:   PropertyIndexStore v0.A.0
2014-06-06 11:54:20,644 DEBUG [neo4j.diagnostics]:   StringPropertyStore v0.A.0
2014-06-06 11:54:20,644 DEBUG [neo4j.diagnostics]:   ArrayPropertyStore v0.A.0
2014-06-06 11:54:20,644 DEBUG [neo4j.diagnostics]: --- STARTUP diagnostics for NEO_STORE_VERSIONS END ---
2014-06-06 11:54:20,644 DEBUG [neo4j.diagnostics]: --- STARTUP diagnostics for NEO_STORE_ID_USAGE START ---
2014-06-06 11:54:20,644 DEBUG [neo4j.diagnostics]: Id usage:
2014-06-06 11:54:20,644 DEBUG [neo4j.diagnostics]: Id usage:
2014-06-06 11:54:20,644 DEBUG [neo4j.diagnostics]:   NodeStore: used=1 high=0
2014-06-06 11:54:20,645 DEBUG [neo4j.diagnostics]:   RelationshipStore: used=0 high=-1
2014-06-06 11:54:20,645 DEBUG [neo4j.diagnostics]:   RelationshipTypeStore: used=0 high=-1
2014-06-06 11:54:20,645 DEBUG [neo4j.diagnostics]:   PropertyStore: used=0 high=-1
2014-06-06 11:54:20,645 DEBUG [neo4j.diagnostics]:   PropertyIndexStore: used=0 high=-1
2014-06-06 11:54:20,645 DEBUG [neo4j.diagnostics]:   StringPropertyStore: used=1 high=0
2014-06-06 11:54:20,645 DEBUG [neo4j.diagnostics]:   ArrayPropertyStore: used=1 high=0
2014-06-06 11:54:20,645 DEBUG [neo4j.diagnostics]: --- STARTUP diagnostics for NEO_STORE_ID_USAGE END ---
2014-06-06 11:54:20,645 DEBUG [neo4j.diagnostics]: --- STARTUP diagnostics for PERSISTENCE_WINDOW_POOL_STATS START ---
2014-06-06 11:54:20,645 DEBUG [neo4j.diagnostics]: --- STARTUP diagnostics for PERSISTENCE_WINDOW_POOL_STATS END ---
2014-06-06 11:54:20,645 DEBUG [neo4j.diagnostics]: --- STARTUP diagnostics for KernelDiagnostics:StoreFiles START ---
2014-06-06 11:54:20,646 DEBUG [neo4j.diagnostics]: Disk space on partition (Total / Free / Free %): 442310180864 / 375091204096 / 15
Storage files: (filename : modification date - size)
2014-06-06 11:54:20,646 DEBUG [neo4j.diagnostics]:   neostore.relationshipstore.db.id: 2014-06-06T11:54:20-0600 - 9.00 B
2014-06-06 11:54:20,646 DEBUG [neo4j.diagnostics]:   neostore.relationshiptypestore.db.names.id: 2014-06-06T11:54:20-0600 - 9.00 B
2014-06-06 11:54:20,646 DEBUG [neo4j.diagnostics]:   neostore: 2014-06-06T11:54:20-0600 - 54.00 B
2014-06-06 11:54:20,646 DEBUG [neo4j.diagnostics]:   neostore.propertystore.db.id: 2014-06-06T11:54:20-0600 - 9.00 B
2014-06-06 11:54:20,647 DEBUG [neo4j.diagnostics]:   neostore.id: 2014-06-06T11:54:20-0600 - 9.00 B
2014-06-06 11:54:20,647 DEBUG [neo4j.diagnostics]:   neostore.propertystore.db.strings: 2014-06-06T11:54:20-0600 - 128.00 B
2014-06-06 11:54:20,647 DEBUG [neo4j.diagnostics]:   neostore.nodestore.db.id: 2014-06-06T11:54:20-0600 - 9.00 B
2014-06-06 11:54:20,647 DEBUG [neo4j.diagnostics]:   neostore.propertystore.db.arrays: 2014-06-06T11:54:20-0600 - 128.00 B
2014-06-06 11:54:20,647 DEBUG [neo4j.diagnostics]:   neostore.propertystore.db.index.keys.id: 2014-06-06T11:54:20-0600 - 9.00 B
2014-06-06 11:54:20,648 DEBUG [neo4j.diagnostics]:   neostore.relationshiptypestore.db.names: 2014-06-06T11:54:20-0600 - 38.00 B
2014-06-06 11:54:20,648 DEBUG [neo4j.diagnostics]:   neostore.propertystore.db.arrays.id: 2014-06-06T11:54:20-0600 - 9.00 B
2014-06-06 11:54:20,648 DEBUG [neo4j.diagnostics]:   neostore.relationshiptypestore.db: 2014-06-06T11:54:20-0600 - 0.00 B
2014-06-06 11:54:20,648 DEBUG [neo4j.diagnostics]:   neostore.relationshiptypestore.db.id: 2014-06-06T11:54:20-0600 - 9.00 B
2014-06-06 11:54:20,648 DEBUG [neo4j.diagnostics]:   neostore.propertystore.db.index.keys: 2014-06-06T11:54:20-0600 - 38.00 B
2014-06-06 11:54:20,648 DEBUG [neo4j.diagnostics]:   neostore.propertystore.db: 2014-06-06T11:54:20-0600 - 0.00 B
2014-06-06 11:54:20,649 DEBUG [neo4j.diagnostics]:   nioneo_logical.log.1: 2014-06-06T11:54:20-0600 - 16.00 B
2014-06-06 11:54:20,649 DEBUG [neo4j.diagnostics]:   messages.log: 2014-06-06T11:54:20-0600 - 32.90 kB
2014-06-06 11:54:20,649 DEBUG [neo4j.diagnostics]:   neostore.propertystore.db.strings.id: 2014-06-06T11:54:20-0600 - 9.00 B
2014-06-06 11:54:20,649 DEBUG [neo4j.diagnostics]:   index:
2014-06-06 11:54:20,649 DEBUG [neo4j.diagnostics]:     lucene.log.1: 2014-06-06T11:54:20-0600 - 16.00 B
2014-06-06 11:54:20,649 DEBUG [neo4j.diagnostics]:     lucene.log.active: 2014-06-06T11:54:20-0600 - 4.00 B
2014-06-06 11:54:20,650 DEBUG [neo4j.diagnostics]:     lucene-store.db: 2014-06-06T11:54:20-0600 - 40.00 B
2014-06-06 11:54:20,650 DEBUG [neo4j.diagnostics]:   - Total: 2014-06-06T11:54:20-0600 - 60.00 B
2014-06-06 11:54:20,650 DEBUG [neo4j.diagnostics]:   neostore.propertystore.db.index.id: 2014-06-06T11:54:20-0600 - 9.00 B
2014-06-06 11:54:20,650 DEBUG [neo4j.diagnostics]:   lock: 2014-06-06T11:54:20-0600 - 0.00 B
2014-06-06 11:54:20,650 DEBUG [neo4j.diagnostics]:   neostore.nodestore.db: 2014-06-06T11:54:20-0600 - 9.00 B
2014-06-06 11:54:20,650 DEBUG [neo4j.diagnostics]:   tm_tx_log.1: 2014-06-06T11:54:20-0600 - 0.00 B
2014-06-06 11:54:20,651 DEBUG [neo4j.diagnostics]:   nioneo_logical.log.active: 2014-06-06T11:54:20-0600 - 4.00 B
2014-06-06 11:54:20,651 DEBUG [neo4j.diagnostics]:   active_tx_log: 2014-06-06T11:54:20-0600 - 11.00 B
2014-06-06 11:54:20,651 DEBUG [neo4j.diagnostics]:   neostore.relationshipstore.db: 2014-06-06T11:54:20-0600 - 0.00 B
2014-06-06 11:54:20,651 DEBUG [neo4j.diagnostics]:   neostore.propertystore.db.index: 2014-06-06T11:54:20-0600 - 0.00 B
2014-06-06 11:54:20,651 DEBUG [neo4j.diagnostics]: --- STARTUP diagnostics for KernelDiagnostics:StoreFiles END ---
2014-06-06 11:54:20,917 DEBUG [neo4j.diagnostics]: --- SHUTDOWN diagnostics START ---
2014-06-06 11:54:20,918 DEBUG [neo4j.diagnostics]: --- SHUTDOWN diagnostics END ---
2014-06-06 11:54:21,483 DEBUG [neo4j.diagnostics]: --- STARTUP diagnostics START ---
2014-06-06 11:54:21,483 DEBUG [neo4j.diagnostics]: Neo4j Kernel properties:
2014-06-06 11:54:21,483 DEBUG [neo4j.diagnostics]: forced_kernel_id=
2014-06-06 11:54:21,483 DEBUG [neo4j.diagnostics]: read_only=false
2014-06-06 11:54:21,483 DEBUG [neo4j.diagnostics]: neo4j.ext.udc.host=udc.neo4j.org
2014-06-06 11:54:21,483 DEBUG [neo4j.diagnostics]: logical_log=nioneo_logical.log
2014-06-06 11:54:21,483 DEBUG [neo4j.diagnostics]: node_auto_indexing=false
2014-06-06 11:54:21,483 DEBUG [neo4j.diagnostics]: intercept_committing_transactions=false
2014-06-06 11:54:21,483 DEBUG [neo4j.diagnostics]: cache_type=soft
2014-06-06 11:54:21,483 DEBUG [neo4j.diagnostics]: intercept_deserialized_transactions=false
2014-06-06 11:54:21,483 DEBUG [neo4j.diagnostics]: lucene_searcher_cache_size=2147483647
2014-06-06 11:54:21,483 DEBUG [neo4j.diagnostics]: neo4j.ext.udc.interval=86400000
2014-06-06 11:54:21,483 DEBUG [neo4j.diagnostics]: use_memory_mapped_buffers=true
2014-06-06 11:54:21,483 DEBUG [neo4j.diagnostics]: rebuild_idgenerators_fast=true
2014-06-06 11:54:21,483 DEBUG [neo4j.diagnostics]: neostore.propertystore.db.index.keys.mapped_memory=1M
2014-06-06 11:54:21,483 DEBUG [neo4j.diagnostics]: neostore.propertystore.db.arrays.mapped_memory=1245M
2014-06-06 11:54:21,483 DEBUG [neo4j.diagnostics]: neostore.propertystore.db.strings.mapped_memory=1099M
2014-06-06 11:54:21,483 DEBUG [neo4j.diagnostics]: log_mapped_memory_stats_filename=mapped_memory_stats.log
2014-06-06 11:54:21,483 DEBUG [neo4j.diagnostics]: log_mapped_memory_stats_interval=1000000
2014-06-06 11:54:21,483 DEBUG [neo4j.diagnostics]: gcr_cache_min_log_interval=60s
2014-06-06 11:54:21,483 DEBUG [neo4j.diagnostics]: relationship_grab_size=100
2014-06-06 11:54:21,483 DEBUG [neo4j.diagnostics]: relationship_auto_indexing=false
2014-06-06 11:54:21,483 DEBUG [neo4j.diagnostics]: node_cache_array_fraction=1.0
2014-06-06 11:54:21,483 DEBUG [neo4j.diagnostics]: allow_store_upgrade=false
2014-06-06 11:54:21,483 DEBUG [neo4j.diagnostics]: execution_guard_enabled=false
2014-06-06 11:54:21,483 DEBUG [neo4j.diagnostics]: relationship_cache_array_fraction=1.0
2014-06-06 11:54:21,483 DEBUG [neo4j.diagnostics]: remote_logging_host=127.0.0.1
2014-06-06 11:54:21,483 DEBUG [neo4j.diagnostics]: store_dir=target/graph.db
2014-06-06 11:54:21,483 DEBUG [neo4j.diagnostics]: online_backup_enabled=false
2014-06-06 11:54:21,483 DEBUG [neo4j.diagnostics]: remote_logging_port=4560
2014-06-06 11:54:21,483 DEBUG [neo4j.diagnostics]: gc_monitor_threshold=200ms
2014-06-06 11:54:21,483 DEBUG [neo4j.diagnostics]: array_block_size=120
2014-06-06 11:54:21,483 DEBUG [neo4j.diagnostics]: load_kernel_extensions=true
2014-06-06 11:54:21,483 DEBUG [neo4j.diagnostics]: neostore.relationshipstore.db.mapped_memory=1584M
2014-06-06 11:54:21,483 DEBUG [neo4j.diagnostics]: keep_logical_logs=true
2014-06-06 11:54:21,484 DEBUG [neo4j.diagnostics]: dump_configuration=false
2014-06-06 11:54:21,484 DEBUG [neo4j.diagnostics]: gc_monitor_wait_time=100ms
2014-06-06 11:54:21,484 DEBUG [neo4j.diagnostics]: neostore.nodestore.db.mapped_memory=359M
2014-06-06 11:54:21,484 DEBUG [neo4j.diagnostics]: neo4j.ext.udc.first_delay=600000
2014-06-06 11:54:21,484 DEBUG [neo4j.diagnostics]: neo4j.ext.udc.reg=unreg
2014-06-06 11:54:21,484 DEBUG [neo4j.diagnostics]: log_mapped_memory_stats=false
2014-06-06 11:54:21,484 DEBUG [neo4j.diagnostics]: neo_store=neostore
2014-06-06 11:54:21,484 DEBUG [neo4j.diagnostics]: mapped_memory_page_size=1M
2014-06-06 11:54:21,484 DEBUG [neo4j.diagnostics]: query_cache_size=100
2014-06-06 11:54:21,484 DEBUG [neo4j.diagnostics]: logging.threshold_for_rotation=104857600
2014-06-06 11:54:21,484 DEBUG [neo4j.diagnostics]: neostore.propertystore.db.index.mapped_memory=1M
2014-06-06 11:54:21,484 DEBUG [neo4j.diagnostics]: backup_slave=false
2014-06-06 11:54:21,484 DEBUG [neo4j.diagnostics]: neostore.propertystore.db.mapped_memory=1293M
2014-06-06 11:54:21,484 DEBUG [neo4j.diagnostics]: string_block_size=120
2014-06-06 11:54:21,484 DEBUG [neo4j.diagnostics]: grab_file_lock=true
2014-06-06 11:54:21,484 DEBUG [neo4j.diagnostics]: remote_logging_enabled=false
2014-06-06 11:54:21,484 DEBUG [neo4j.diagnostics]: neo4j.ext.udc.enabled=true
2014-06-06 11:54:21,484 DEBUG [neo4j.diagnostics]: all_stores_total_mapped_memory_size=500M
2014-06-06 11:54:21,484 DEBUG [neo4j.diagnostics]: online_backup_port=6362
2014-06-06 11:54:21,484 DEBUG [neo4j.diagnostics]: Diagnostics providers:
2014-06-06 11:54:21,484 DEBUG [neo4j.diagnostics]: org.neo4j.kernel.configuration.Config
2014-06-06 11:54:21,484 DEBUG [neo4j.diagnostics]: org.neo4j.kernel.info.DiagnosticsManager
2014-06-06 11:54:21,484 DEBUG [neo4j.diagnostics]: SYSTEM_MEMORY
2014-06-06 11:54:21,484 DEBUG [neo4j.diagnostics]: JAVA_MEMORY
2014-06-06 11:54:21,484 DEBUG [neo4j.diagnostics]: OPERATING_SYSTEM
2014-06-06 11:54:21,484 DEBUG [neo4j.diagnostics]: JAVA_VIRTUAL_MACHINE
2014-06-06 11:54:21,484 DEBUG [neo4j.diagnostics]: CLASSPATH
2014-06-06 11:54:21,484 DEBUG [neo4j.diagnostics]: LIBRARY_PATH
2014-06-06 11:54:21,484 DEBUG [neo4j.diagnostics]: SYSTEM_PROPERTIES
2014-06-06 11:54:21,484 DEBUG [neo4j.diagnostics]: LINUX_SCHEDULERS
2014-06-06 11:54:21,484 DEBUG [neo4j.diagnostics]: NETWORK
2014-06-06 11:54:21,484 DEBUG [neo4j.diagnostics]: System memory information:
2014-06-06 11:54:21,485 DEBUG [neo4j.diagnostics]: Total Physical memory: 15.61 GB
2014-06-06 11:54:21,485 DEBUG [neo4j.diagnostics]: Free Physical memory: 6.86 GB
2014-06-06 11:54:21,485 DEBUG [neo4j.diagnostics]: Committed virtual memory: 5.81 GB
2014-06-06 11:54:21,485 DEBUG [neo4j.diagnostics]: Total swap space: 7.82 GB
2014-06-06 11:54:21,485 DEBUG [neo4j.diagnostics]: Free swap space: 7.43 GB
2014-06-06 11:54:21,485 DEBUG [neo4j.diagnostics]: JVM memory information:
2014-06-06 11:54:21,485 DEBUG [neo4j.diagnostics]: Free  memory: 255.09 MB
2014-06-06 11:54:21,485 DEBUG [neo4j.diagnostics]: Total memory: 303.50 MB
2014-06-06 11:54:21,486 DEBUG [neo4j.diagnostics]: Max   memory: 3.47 GB
2014-06-06 11:54:21,486 DEBUG [neo4j.diagnostics]: Garbage Collector: PS Scavenge: [PS Eden Space, PS Survivor Space]
2014-06-06 11:54:21,486 DEBUG [neo4j.diagnostics]: Garbage Collector: PS MarkSweep: [PS Eden Space, PS Survivor Space, PS Old Gen, PS Perm Gen]
2014-06-06 11:54:21,486 DEBUG [neo4j.diagnostics]: Memory Pool: Code Cache (Non-heap memory): committed=2.44 MB, used=2.35 MB, max=48.00 MB, threshold=0.00 B
2014-06-06 11:54:21,486 DEBUG [neo4j.diagnostics]: Memory Pool: PS Eden Space (Heap memory): committed=127.00 MB, used=38.44 MB, max=1.28 GB, threshold=?
2014-06-06 11:54:21,486 DEBUG [neo4j.diagnostics]: Memory Pool: PS Survivor Space (Heap memory): committed=10.00 MB, used=9.87 MB, max=10.00 MB, threshold=?
2014-06-06 11:54:21,486 DEBUG [neo4j.diagnostics]: Memory Pool: PS Old Gen (Heap memory): committed=166.50 MB, used=104.02 kB, max=2.60 GB, threshold=0.00 B
2014-06-06 11:54:21,486 DEBUG [neo4j.diagnostics]: Memory Pool: PS Perm Gen (Non-heap memory): committed=27.00 MB, used=26.73 MB, max=82.00 MB, threshold=0.00 B
2014-06-06 11:54:21,486 DEBUG [neo4j.diagnostics]: Operating system information:
2014-06-06 11:54:21,486 DEBUG [neo4j.diagnostics]: Operating System: Linux; version: 3.13.10-200.fc20.x86_64; arch: amd64; cpus: 8
2014-06-06 11:54:21,486 DEBUG [neo4j.diagnostics]: Max number of file descriptors: 4096
2014-06-06 11:54:21,487 DEBUG [neo4j.diagnostics]: Number of open file descriptors: 114
2014-06-06 11:54:21,487 DEBUG [neo4j.diagnostics]: Process id: 602@localhost.localdomain
2014-06-06 11:54:21,487 DEBUG [neo4j.diagnostics]: Byte order: LITTLE_ENDIAN
2014-06-06 11:54:21,487 DEBUG [neo4j.diagnostics]: Local timezone: America/Denver
2014-06-06 11:54:21,487 DEBUG [neo4j.diagnostics]: JVM information:
2014-06-06 11:54:21,487 DEBUG [neo4j.diagnostics]: VM Name: Java HotSpot(TM) 64-Bit Server VM
2014-06-06 11:54:21,487 DEBUG [neo4j.diagnostics]: VM Vendor: Oracle Corporation
2014-06-06 11:54:21,487 DEBUG [neo4j.diagnostics]: VM Version: 24.55-b03
2014-06-06 11:54:21,487 DEBUG [neo4j.diagnostics]: JIT compiler: HotSpot 64-Bit Tiered Compilers
2014-06-06 11:54:21,487 DEBUG [neo4j.diagnostics]: VM Arguments: []
2014-06-06 11:54:21,487 DEBUG [neo4j.diagnostics]: Java classpath:
2014-06-06 11:54:21,488 DEBUG [neo4j.diagnostics]:  [classpath] /home/sheimmer/.m2/repository/org/slf4j/slf4j-api/1.7.1/slf4j-api-1.7.1.jar
2014-06-06 11:54:21,488 DEBUG [neo4j.diagnostics]:  [classpath] /home/sheimmer/.m2/repository/ch/qos/logback/logback-classic/1.0.6/logback-classic-1.0.6.jar
2014-06-06 11:54:21,488 DEBUG [neo4j.diagnostics]:  [classpath] /home/sheimmer/.m2/repository/org/springframework/spring-core/3.2.1.RELEASE/spring-core-3.2.1.RELEASE.jar
2014-06-06 11:54:21,488 DEBUG [neo4j.diagnostics]:  [classpath] /home/sheimmer/.m2/repository/jakarta-regexp/jakarta-regexp/1.4/jakarta-regexp-1.4.jar
2014-06-06 11:54:21,488 DEBUG [neo4j.diagnostics]:  [bootstrap] /usr/java/jdk1.7.0_55/jre/lib/charsets.jar
2014-06-06 11:54:21,488 DEBUG [neo4j.diagnostics]:  [loader.1] file:/usr/java/jdk1.7.0_55/jre/lib/ext/sunec.jar
2014-06-06 11:54:21,488 DEBUG [neo4j.diagnostics]:  [classpath] /home/sheimmer/.m2/repository/org/neo4j/neo4j-lucene-index/1.8.1/neo4j-lucene-index-1.8.1.jar
2014-06-06 11:54:21,488 DEBUG [neo4j.diagnostics]:  [classpath] /home/sheimmer/.m2/repository/org/springframework/data/spring-data-commons/1.5.0.RELEASE/spring-data-commons-1.5.0.RELEASE.jar
2014-06-06 11:54:21,488 DEBUG [neo4j.diagnostics]:  [classpath] /home/sheimmer/.m2/repository/cglib/cglib/2.2.2/cglib-2.2.2.jar
2014-06-06 11:54:21,488 DEBUG [neo4j.diagnostics]:  [bootstrap] /usr/java/jdk1.7.0_55/jre/lib/sunrsasign.jar
2014-06-06 11:54:21,488 DEBUG [neo4j.diagnostics]:  [classpath] /home/sheimmer/.m2/repository/org/scala-lang/scala-library/2.9.1-1/scala-library-2.9.1-1.jar
2014-06-06 11:54:21,488 DEBUG [neo4j.diagnostics]:  [classpath] /home/sheimmer/.m2/repository/org/slf4j/jcl-over-slf4j/1.7.1/jcl-over-slf4j-1.7.1.jar
2014-06-06 11:54:21,488 DEBUG [neo4j.diagnostics]:  [classpath] /home/sheimmer/.m2/repository/org/apache/lucene/lucene-queries/3.5.0/lucene-queries-3.5.0.jar
2014-06-06 11:54:21,488 DEBUG [neo4j.diagnostics]:  [classpath] /home/sheimmer/.m2/repository/org/hamcrest/hamcrest-core/1.3/hamcrest-core-1.3.jar
2014-06-06 11:54:21,488 DEBUG [neo4j.diagnostics]:  [bootstrap] /usr/java/jdk1.7.0_55/jre/lib/rt.jar
2014-06-06 11:54:21,488 DEBUG [neo4j.diagnostics]:  [classpath] /home/sheimmer/.m2/repository/org/hamcrest/hamcrest-library/1.3/hamcrest-library-1.3.jar
2014-06-06 11:54:21,488 DEBUG [neo4j.diagnostics]:  [classpath] /home/sheimmer/.m2/repository/org/neo4j/neo4j-graph-algo/1.8.1/neo4j-graph-algo-1.8.1.jar
2014-06-06 11:54:21,488 DEBUG [neo4j.diagnostics]:  [bootstrap] /usr/java/jdk1.7.0_55/jre/lib/jce.jar
2014-06-06 11:54:21,488 DEBUG [neo4j.diagnostics]:  [classpath] /home/sheimmer/.m2/repository/org/springframework/spring-beans/3.2.1.RELEASE/spring-beans-3.2.1.RELEASE.jar
2014-06-06 11:54:21,488 DEBUG [neo4j.diagnostics]:  [loader.1] file:/usr/java/jdk1.7.0_55/jre/lib/ext/zipfs.jar
2014-06-06 11:54:21,488 DEBUG [neo4j.diagnostics]:  [classpath] /home/sheimmer/.m2/repository/com/mysema/codegen/codegen/0.5.6/codegen-0.5.6.jar
2014-06-06 11:54:21,488 DEBUG [neo4j.diagnostics]:  [classpath] /home/sheimmer/.m2/repository/com/google/code/findbugs/jsr305/1.3.9/jsr305-1.3.9.jar
2014-06-06 11:54:21,488 DEBUG [neo4j.diagnostics]:  [loader.1] file:/usr/java/jdk1.7.0_55/jre/lib/ext/sunjce_provider.jar
2014-06-06 11:54:21,489 DEBUG [neo4j.diagnostics]:  [classpath] /home/sheimmer/Regis_SE_Masters_Work-Classes/8- 2013 Quarter 2 Fall/MSEE 676 Advanced Enterprise Java/workspace/restNeo4jHack/restNeoHack-service/target/classes
2014-06-06 11:54:21,489 DEBUG [neo4j.diagnostics]:  [loader.1] file:/usr/java/jdk1.7.0_55/jre/lib/ext/sunpkcs11.jar
2014-06-06 11:54:21,489 DEBUG [neo4j.diagnostics]:  [classpath] /home/sheimmer/.m2/repository/org/springframework/spring-orm/3.2.1.RELEASE/spring-orm-3.2.1.RELEASE.jar
2014-06-06 11:54:21,489 DEBUG [neo4j.diagnostics]:  [classpath] /home/sheimmer/.m2/repository/com/google/guava/guava/11.0.2/guava-11.0.2.jar
2014-06-06 11:54:21,489 DEBUG [neo4j.diagnostics]:  [classpath] /home/sheimmer/.m2/repository/junit/junit-dep/4.10/junit-dep-4.10.jar
2014-06-06 11:54:21,489 DEBUG [neo4j.diagnostics]:  [classpath] /home/sheimmer/.m2/repository/ch/qos/logback/logback-core/1.0.6/logback-core-1.0.6.jar
2014-06-06 11:54:21,489 DEBUG [neo4j.diagnostics]:  [classpath] /home/sheimmer/.m2/repository/org/neo4j/neo4j-cypher-dsl/1.8/neo4j-cypher-dsl-1.8.jar
2014-06-06 11:54:21,489 DEBUG [neo4j.diagnostics]:  [classpath] /home/sheimmer/.m2/repository/org/springframework/spring-aop/3.2.1.RELEASE/spring-aop-3.2.1.RELEASE.jar
2014-06-06 11:54:21,489 DEBUG [neo4j.diagnostics]:  [classpath] /home/sheimmer/.m2/repository/javax/validation/validation-api/1.0.0.GA/validation-api-1.0.0.GA.jar
2014-06-06 11:54:21,489 DEBUG [neo4j.diagnostics]:  [bootstrap] /usr/java/jdk1.7.0_55/jre/lib/jsse.jar
2014-06-06 11:54:21,489 DEBUG [neo4j.diagnostics]:  [classpath] /home/sheimmer/.m2/repository/org/neo4j/neo4j-graph-matching/1.8.1/neo4j-graph-matching-1.8.1.jar
2014-06-06 11:54:21,489 DEBUG [neo4j.diagnostics]:  [loader.1] file:/usr/java/jdk1.7.0_55/jre/lib/ext/localedata.jar
2014-06-06 11:54:21,489 DEBUG [neo4j.diagnostics]:  [loader.1] file:/usr/java/jdk1.7.0_55/jre/lib/ext/dnsns.jar
2014-06-06 11:54:21,489 DEBUG [neo4j.diagnostics]:  [classpath] /home/sheimmer/.m2/repository/org/springframework/spring-expression/3.2.1.RELEASE/spring-expression-3.2.1.RELEASE.jar
2014-06-06 11:54:21,489 DEBUG [neo4j.diagnostics]:  [classpath] /home/sheimmer/.m2/repository/org/springframework/spring-tx/3.2.1.RELEASE/spring-tx-3.2.1.RELEASE.jar
2014-06-06 11:54:21,489 DEBUG [neo4j.diagnostics]:  [classpath] /home/sheimmer/.m2/repository/org/aspectj/aspectjweaver/1.7.1/aspectjweaver-1.7.1.jar
2014-06-06 11:54:21,489 DEBUG [neo4j.diagnostics]:  [classpath] /home/sheimmer/.m2/repository/org/neo4j/neo4j-udc/1.8.1/neo4j-udc-1.8.1.jar
2014-06-06 11:54:21,489 DEBUG [neo4j.diagnostics]:  [bootstrap] /usr/java/jdk1.7.0_55/jre/lib/resources.jar
2014-06-06 11:54:21,489 DEBUG [neo4j.diagnostics]:  [classpath] /home/sheimmer/.m2/repository/com/mysema/querydsl/querydsl-codegen/2.9.0/querydsl-codegen-2.9.0.jar
2014-06-06 11:54:21,489 DEBUG [neo4j.diagnostics]:  [classpath] /home/sheimmer/.m2/repository/org/springframework/spring-context/3.2.1.RELEASE/spring-context-3.2.1.RELEASE.jar
2014-06-06 11:54:21,489 DEBUG [neo4j.diagnostics]:  [classpath] /home/sheimmer/.m2/repository/org/springframework/spring-test/3.2.1.RELEASE/spring-test-3.2.1.RELEASE.jar
2014-06-06 11:54:21,489 DEBUG [neo4j.diagnostics]:  [classpath] /home/sheimmer/.m2/repository/javax/inject/javax.inject/1/javax.inject-1.jar
2014-06-06 11:54:21,489 DEBUG [neo4j.diagnostics]:  [classpath] /home/sheimmer/.m2/repository/org/springframework/spring-aspects/3.2.1.RELEASE/spring-aspects-3.2.1.RELEASE.jar
2014-06-06 11:54:21,489 DEBUG [neo4j.diagnostics]:  [classpath] /home/sheimmer/.m2/repository/org/springframework/data/spring-data-neo4j/2.2.0.RELEASE/spring-data-neo4j-2.2.0.RELEASE.jar
2014-06-06 11:54:21,489 DEBUG [neo4j.diagnostics]:  [classpath] /home/sheimmer/.m2/repository/com/mysema/querydsl/querydsl-core/2.9.0/querydsl-core-2.9.0.jar
2014-06-06 11:54:21,489 DEBUG [neo4j.diagnostics]:  [classpath] /home/sheimmer/.m2/repository/org/apache/lucene/lucene-core/3.5.0/lucene-core-3.5.0.jar
2014-06-06 11:54:21,489 DEBUG [neo4j.diagnostics]:  [classpath] /home/sheimmer/.m2/repository/com/googlecode/concurrentlinkedhashmap/concurrentlinkedhashmap-lru/1.3.1/concurrentlinkedhashmap-lru-1.3.1.jar
2014-06-06 11:54:21,489 DEBUG [neo4j.diagnostics]:  [classpath] /home/sheimmer/.m2/repository/org/neo4j/neo4j-jmx/1.8.1/neo4j-jmx-1.8.1.jar
2014-06-06 11:54:21,489 DEBUG [neo4j.diagnostics]:  [bootstrap] /usr/java/jdk1.7.0_55/jre/lib/jfr.jar
2014-06-06 11:54:21,489 DEBUG [neo4j.diagnostics]:  [classpath] /home/sheimmer/.m2/repository/org/neo4j/neo4j-cypher/1.8.1/neo4j-cypher-1.8.1.jar
2014-06-06 11:54:21,489 DEBUG [neo4j.diagnostics]:  [classpath] /home/sheimmer/.m2/repository/org/eclipse/jdt/core/compiler/ecj/3.7.2/ecj-3.7.2.jar
2014-06-06 11:54:21,489 DEBUG [neo4j.diagnostics]:  [classpath] /home/sheimmer/.m2/repository/org/neo4j/neo4j-kernel/1.8.1/neo4j-kernel-1.8.1.jar
2014-06-06 11:54:21,489 DEBUG [neo4j.diagnostics]:  [classpath] /home/sheimmer/.m2/repository/org/springframework/spring-context-support/3.2.1.RELEASE/spring-context-support-3.2.1.RELEASE.jar
2014-06-06 11:54:21,489 DEBUG [neo4j.diagnostics]:  [classpath] /home/sheimmer/.m2/repository/com/mysema/commons/mysema-commons-lang/0.2.4/mysema-commons-lang-0.2.4.jar
2014-06-06 11:54:21,489 DEBUG [neo4j.diagnostics]:  [classpath] /home/sheimmer/Regis_SE_Masters_Work-Classes/8- 2013 Quarter 2 Fall/MSEE 676 Advanced Enterprise Java/workspace/restNeo4jHack/restNeoHack-service/target/test-classes
2014-06-06 11:54:21,489 DEBUG [neo4j.diagnostics]:  [classpath] /home/sheimmer/.m2/repository/org/apache/geronimo/specs/geronimo-jta_1.1_spec/1.1.1/geronimo-jta_1.1_spec-1.1.1.jar
2014-06-06 11:54:21,489 DEBUG [neo4j.diagnostics]:  [classpath] /home/sheimmer/.m2/repository/asm/asm/3.3.1/asm-3.3.1.jar
2014-06-06 11:54:21,489 DEBUG [neo4j.diagnostics]:  [classpath] /home/sheimmer/.m2/repository/com/mysema/querydsl/querydsl-lucene/2.9.0/querydsl-lucene-2.9.0.jar
2014-06-06 11:54:21,489 DEBUG [neo4j.diagnostics]:  [classpath] /home/sheimmer/.m2/repository/com/mysema/querydsl/querydsl-apt/2.9.0/querydsl-apt-2.9.0.jar
2014-06-06 11:54:21,489 DEBUG [neo4j.diagnostics]:  [bootstrap] /usr/java/jdk1.7.0_55/jre/classes
2014-06-06 11:54:21,489 DEBUG [neo4j.diagnostics]:  [loader.0] file:/home/sheimmer/Regis_SE_Masters_Work-Classes/8-%202013%20Quarter%202%20Fall/MSEE%20676%20Advanced%20Enterprise%20Java/workspace/restNeo4jHack/restNeoHack-service/target/surefire/surefirebooter4575113944118488234.jar
2014-06-06 11:54:21,489 DEBUG [neo4j.diagnostics]:  [classpath] /home/sheimmer/.m2/repository/aopalliance/aopalliance/1.0/aopalliance-1.0.jar
2014-06-06 11:54:21,489 DEBUG [neo4j.diagnostics]:  [classpath] /home/sheimmer/.m2/repository/org/neo4j/neo4j/1.8.1/neo4j-1.8.1.jar
2014-06-06 11:54:21,489 DEBUG [neo4j.diagnostics]:  [classpath] /home/sheimmer/.m2/repository/org/aspectj/aspectjrt/1.7.1/aspectjrt-1.7.1.jar
2014-06-06 11:54:21,489 DEBUG [neo4j.diagnostics]: Library path:
2014-06-06 11:54:21,489 DEBUG [neo4j.diagnostics]: /usr/java/jdk1.7.0_55/jre/lib/amd64
2014-06-06 11:54:21,490 DEBUG [neo4j.diagnostics]: /usr/java/jdk1.7.0_55/jre/lib/i386
2014-06-06 11:54:21,490 DEBUG [neo4j.diagnostics]: /opt/db2/V9.7/lib64
2014-06-06 11:54:21,490 DEBUG [neo4j.diagnostics]: /opt/db2/V9.7/lib32
2014-06-06 11:54:21,490 DEBUG [neo4j.diagnostics]: /usr/java/packages/lib/amd64
2014-06-06 11:54:21,490 DEBUG [neo4j.diagnostics]: /usr/lib64
2014-06-06 11:54:21,490 DEBUG [neo4j.diagnostics]: /usr/lib64
2014-06-06 11:54:21,490 DEBUG [neo4j.diagnostics]: /usr/lib
2014-06-06 11:54:21,490 DEBUG [neo4j.diagnostics]: /usr/lib
2014-06-06 11:54:21,490 DEBUG [neo4j.diagnostics]: System.properties:
2014-06-06 11:54:21,490 DEBUG [neo4j.diagnostics]: sun.boot.library.path = /usr/java/jdk1.7.0_55/jre/lib/amd64
2014-06-06 11:54:21,490 DEBUG [neo4j.diagnostics]: path.separator = :
2014-06-06 11:54:21,490 DEBUG [neo4j.diagnostics]: file.encoding.pkg = sun.io
2014-06-06 11:54:21,490 DEBUG [neo4j.diagnostics]: user.country = US
2014-06-06 11:54:21,490 DEBUG [neo4j.diagnostics]: sun.java.launcher = SUN_STANDARD
2014-06-06 11:54:21,490 DEBUG [neo4j.diagnostics]: sun.os.patch.level = unknown
2014-06-06 11:54:21,490 DEBUG [neo4j.diagnostics]: user.dir = /home/sheimmer/Regis_SE_Masters_Work-Classes/8- 2013 Quarter 2 Fall/MSEE 676 Advanced Enterprise Java/workspace/restNeo4jHack/restNeoHack-service
2014-06-06 11:54:21,490 DEBUG [neo4j.diagnostics]: basedir = /home/sheimmer/Regis_SE_Masters_Work-Classes/8- 2013 Quarter 2 Fall/MSEE 676 Advanced Enterprise Java/workspace/restNeo4jHack/restNeoHack-service
2014-06-06 11:54:21,490 DEBUG [neo4j.diagnostics]: surefire.real.class.path = /home/sheimmer/Regis_SE_Masters_Work-Classes/8- 2013 Quarter 2 Fall/MSEE 676 Advanced Enterprise Java/workspace/restNeo4jHack/restNeoHack-service/target/surefire/surefirebooter4575113944118488234.jar
2014-06-06 11:54:21,490 DEBUG [neo4j.diagnostics]: maven.ext.class.path = /home/sheimmer/netbeans-8.0/java/maven-nblib/netbeans-eventspy.jar
2014-06-06 11:54:21,490 DEBUG [neo4j.diagnostics]: sun.jnu.encoding = UTF-8
2014-06-06 11:54:21,490 DEBUG [neo4j.diagnostics]: surefire.test.class.path = /home/sheimmer/Regis_SE_Masters_Work-Classes/8- 2013 Quarter 2 Fall/MSEE 676 Advanced Enterprise Java/workspace/restNeo4jHack/restNeoHack-service/target/test-classes:/home/sheimmer/Regis_SE_Masters_Work-Classes/8- 2013 Quarter 2 Fall/MSEE 676 Advanced Enterprise Java/workspace/restNeo4jHack/restNeoHack-service/target/classes:/home/sheimmer/.m2/repository/org/springframework/spring-core/3.2.1.RELEASE/spring-core-3.2.1.RELEASE.jar:/home/sheimmer/.m2/repository/org/springframework/spring-beans/3.2.1.RELEASE/spring-beans-3.2.1.RELEASE.jar:/home/sheimmer/.m2/repository/org/springframework/spring-context/3.2.1.RELEASE/spring-context-3.2.1.RELEASE.jar:/home/sheimmer/.m2/repository/org/springframework/spring-expression/3.2.1.RELEASE/spring-expression-3.2.1.RELEASE.jar:/home/sheimmer/.m2/repository/org/springframework/spring-aop/3.2.1.RELEASE/spring-aop-3.2.1.RELEASE.jar:/home/sheimmer/.m2/repository/aopalliance/aopalliance/1.0/aopalliance-1.0.jar:/home/sheimmer/.m2/repository/org/slf4j/slf4j-api/1.7.1/slf4j-api-1.7.1.jar:/home/sheimmer/.m2/repository/org/slf4j/jcl-over-slf4j/1.7.1/jcl-over-slf4j-1.7.1.jar:/home/sheimmer/.m2/repository/ch/qos/logback/logback-classic/1.0.6/logback-classic-1.0.6.jar:/home/sheimmer/.m2/repository/ch/qos/logback/logback-core/1.0.6/logback-core-1.0.6.jar:/home/sheimmer/.m2/repository/org/springframework/data/spring-data-neo4j/2.2.0.RELEASE/spring-data-neo4j-2.2.0.RELEASE.jar:/home/sheimmer/.m2/repository/org/aspectj/aspectjrt/1.7.1/aspectjrt-1.7.1.jar:/home/sheimmer/.m2/repository/org/springframework/data/spring-data-commons/1.5.0.RELEASE/spring-data-commons-1.5.0.RELEASE.jar:/home/sheimmer/.m2/repository/org/neo4j/neo4j/1.8.1/neo4j-1.8.1.jar:/home/sheimmer/.m2/repository/org/neo4j/neo4j-kernel/1.8.1/neo4j-kernel-1.8.1.jar:/home/sheimmer/.m2/repository/org/apache/geronimo/specs/geronimo-jta_1.1_spec/1.1.1/geronimo-jta_1.1_spec-1.1.1.jar:/home/sheimmer/.m2/repository/org/neo4j/neo4j-lucene-index/1.8.1/neo4j-lucene-index-1.8.1.jar:/home/sheimmer/.m2/repository/org/neo4j/neo4j-graph-algo/1.8.1/neo4j-graph-algo-1.8.1.jar:/home/sheimmer/.m2/repository/org/neo4j/neo4j-udc/1.8.1/neo4j-udc-1.8.1.jar:/home/sheimmer/.m2/repository/org/neo4j/neo4j-graph-matching/1.8.1/neo4j-graph-matching-1.8.1.jar:/home/sheimmer/.m2/repository/org/neo4j/neo4j-jmx/1.8.1/neo4j-jmx-1.8.1.jar:/home/sheimmer/.m2/repository/org/neo4j/neo4j-cypher/1.8.1/neo4j-cypher-1.8.1.jar:/home/sheimmer/.m2/repository/org/scala-lang/scala-library/2.9.1-1/scala-library-2.9.1-1.jar:/home/sheimmer/.m2/repository/com/googlecode/concurrentlinkedhashmap/concurrentlinkedhashmap-lru/1.3.1/concurrentlinkedhashmap-lru-1.3.1.jar:/home/sheimmer/.m2/repository/javax/validation/validation-api/1.0.0.GA/validation-api-1.0.0.GA.jar:/home/sheimmer/.m2/repository/org/springframework/spring-tx/3.2.1.RELEASE/spring-tx-3.2.1.RELEASE.jar:/home/sheimmer/.m2/repository/org/springframework/spring-aspects/3.2.1.RELEASE/spring-aspects-3.2.1.RELEASE.jar:/home/sheimmer/.m2/repository/org/aspectj/aspectjweaver/1.7.1/aspectjweaver-1.7.1.jar:/home/sheimmer/.m2/repository/org/springframework/spring-context-support/3.2.1.RELEASE/spring-context-support-3.2.1.RELEASE.jar:/home/sheimmer/.m2/repository/org/springframework/spring-orm/3.2.1.RELEASE/spring-orm-3.2.1.RELEASE.jar:/home/sheimmer/.m2/repository/org/neo4j/neo4j-cypher-dsl/1.8/neo4j-cypher-dsl-1.8.jar:/home/sheimmer/.m2/repository/org/apache/lucene/lucene-queries/3.5.0/lucene-queries-3.5.0.jar:/home/sheimmer/.m2/repository/org/apache/lucene/lucene-core/3.5.0/lucene-core-3.5.0.jar:/home/sheimmer/.m2/repository/jakarta-regexp/jakarta-regexp/1.4/jakarta-regexp-1.4.jar:/home/sheimmer/.m2/repository/com/mysema/querydsl/querydsl-lucene/2.9.0/querydsl-lucene-2.9.0.jar:/home/sheimmer/.m2/repository/com/mysema/querydsl/querydsl-core/2.9.0/querydsl-core-2.9.0.jar:/home/sheimmer/.m2/repository/com/google/guava/guava/11.0.2/guava-11.0.2.jar:/home/sheimmer/.m2/repository/com/google/code/findbugs/jsr305/1.3.9/jsr305-1.3.9.jar:/home/sheimmer/.m2/repository/com/mysema/commons/mysema-commons-lang/0.2.4/mysema-commons-lang-0.2.4.jar:/home/sheimmer/.m2/repository/cglib/cglib/2.2.2/cglib-2.2.2.jar:/home/sheimmer/.m2/repository/asm/asm/3.3.1/asm-3.3.1.jar:/home/sheimmer/.m2/repository/com/mysema/querydsl/querydsl-apt/2.9.0/querydsl-apt-2.9.0.jar:/home/sheimmer/.m2/repository/com/mysema/querydsl/querydsl-codegen/2.9.0/querydsl-codegen-2.9.0.jar:/home/sheimmer/.m2/repository/com/mysema/codegen/codegen/0.5.6/codegen-0.5.6.jar:/home/sheimmer/.m2/repository/org/eclipse/jdt/core/compiler/ecj/3.7.2/ecj-3.7.2.jar:/home/sheimmer/.m2/repository/javax/inject/javax.inject/1/javax.inject-1.jar:/home/sheimmer/.m2/repository/org/hamcrest/hamcrest-library/1.3/hamcrest-library-1.3.jar:/home/sheimmer/.m2/repository/org/hamcrest/hamcrest-core/1.3/hamcrest-core-1.3.jar:/home/sheimmer/.m2/repository/junit/junit-dep/4.10/junit-dep-4.10.jar:/home/sheimmer/.m2/repository/org/springframework/spring-test/3.2.1.RELEASE/spring-test-3.2.1.RELEASE.jar:
2014-06-06 11:54:21,490 DEBUG [neo4j.diagnostics]: sun.management.compiler = HotSpot 64-Bit Tiered Compilers
2014-06-06 11:54:21,490 DEBUG [neo4j.diagnostics]: user.home = /home/sheimmer
2014-06-06 11:54:21,490 DEBUG [neo4j.diagnostics]: user.timezone = America/Denver
2014-06-06 11:54:21,490 DEBUG [neo4j.diagnostics]: file.encoding = UTF-8
2014-06-06 11:54:21,490 DEBUG [neo4j.diagnostics]: user.name = sheimmer
2014-06-06 11:54:21,490 DEBUG [neo4j.diagnostics]: sun.java.command = /home/sheimmer/Regis_SE_Masters_Work-Classes/8- 2013 Quarter 2 Fall/MSEE 676 Advanced Enterprise Java/workspace/restNeo4jHack/restNeoHack-service/target/surefire/surefirebooter4575113944118488234.jar /home/sheimmer/Regis_SE_Masters_Work-Classes/8- 2013 Quarter 2 Fall/MSEE 676 Advanced Enterprise Java/workspace/restNeo4jHack/restNeoHack-service/target/surefire/surefire7194450817735468494tmp /home/sheimmer/Regis_SE_Masters_Work-Classes/8- 2013 Quarter 2 Fall/MSEE 676 Advanced Enterprise Java/workspace/restNeo4jHack/restNeoHack-service/target/surefire/surefire_03439792791507118082tmp
2014-06-06 11:54:21,490 DEBUG [neo4j.diagnostics]: sun.arch.data.model = 64
2014-06-06 11:54:21,490 DEBUG [neo4j.diagnostics]: user.language = en
2014-06-06 11:54:21,490 DEBUG [neo4j.diagnostics]: awt.toolkit = sun.awt.X11.XToolkit
2014-06-06 11:54:21,490 DEBUG [neo4j.diagnostics]: localRepository = /home/sheimmer/.m2/repository
2014-06-06 11:54:21,490 DEBUG [neo4j.diagnostics]: file.separator = /
2014-06-06 11:54:21,491 DEBUG [neo4j.diagnostics]: sun.io.unicode.encoding = UnicodeLittle
2014-06-06 11:54:21,491 DEBUG [neo4j.diagnostics]: sun.cpu.endian = little
2014-06-06 11:54:21,491 DEBUG [neo4j.diagnostics]: sun.desktop = gnome
2014-06-06 11:54:21,491 DEBUG [neo4j.diagnostics]: sun.cpu.isalist = 
2014-06-06 11:54:21,491 DEBUG [neo4j.diagnostics]: Linux scheduler information:
2014-06-06 11:54:21,491 DEBUG [neo4j.diagnostics]: noop deadline [cfq] 
2014-06-06 11:54:21,491 DEBUG [neo4j.diagnostics]: noop deadline [cfq] 
2014-06-06 11:54:21,491 DEBUG [neo4j.diagnostics]: noop deadline [cfq] 
2014-06-06 11:54:21,491 DEBUG [neo4j.diagnostics]: none
2014-06-06 11:54:21,491 DEBUG [neo4j.diagnostics]: none
2014-06-06 11:54:21,491 DEBUG [neo4j.diagnostics]: none
2014-06-06 11:54:21,491 DEBUG [neo4j.diagnostics]: none
2014-06-06 11:54:21,491 DEBUG [neo4j.diagnostics]: none
2014-06-06 11:54:21,491 DEBUG [neo4j.diagnostics]: Network information:
2014-06-06 11:54:21,492 DEBUG [neo4j.diagnostics]: Interface em1:
2014-06-06 11:54:21,492 DEBUG [neo4j.diagnostics]:     address: fe80:0:0:0:fe4d:d4ff:fe49:692a%2
2014-06-06 11:54:21,492 DEBUG [neo4j.diagnostics]:     address: 172.19.34.90
2014-06-06 11:54:21,492 DEBUG [neo4j.diagnostics]: Interface lo:
2014-06-06 11:54:21,492 DEBUG [neo4j.diagnostics]:     address: 0:0:0:0:0:0:0:1%1
2014-06-06 11:54:21,492 DEBUG [neo4j.diagnostics]:     address: 127.0.0.1
2014-06-06 11:54:21,492 DEBUG [neo4j.diagnostics]: --- STARTUP diagnostics END ---
2014-06-06 11:54:21,495 DEBUG [neo4j.diagnostics]: --- STARTUP diagnostics for KernelDiagnostics:Versions START ---
2014-06-06 11:54:21,495 DEBUG [neo4j.diagnostics]: Graph Database: org.neo4j.kernel.EmbeddedGraphDatabase StoreId[time:1402077260366, id:5020483428627785569, store version: 13561656364791302]
2014-06-06 11:54:21,495 DEBUG [neo4j.diagnostics]: Kernel version: Neo4j - Graph Database Kernel 1.8.1
2014-06-06 11:54:21,495 DEBUG [neo4j.diagnostics]: Neo4j component versions:
2014-06-06 11:54:21,496 DEBUG [neo4j.diagnostics]:   Neo4j - Graph Database Kernel 1.8.1
2014-06-06 11:54:21,496 DEBUG [neo4j.diagnostics]: --- STARTUP diagnostics for KernelDiagnostics:Versions END ---
2014-06-06 11:54:21,496 DEBUG [neo4j.diagnostics]: --- STARTUP diagnostics for NEO_STORE_VERSIONS START ---
2014-06-06 11:54:21,496 DEBUG [neo4j.diagnostics]: Store versions:
2014-06-06 11:54:21,496 DEBUG [neo4j.diagnostics]: Store versions:
2014-06-06 11:54:21,496 DEBUG [neo4j.diagnostics]:   NeoStore v0.A.0
2014-06-06 11:54:21,496 DEBUG [neo4j.diagnostics]:   NodeStore v0.A.0
2014-06-06 11:54:21,496 DEBUG [neo4j.diagnostics]:   RelationshipStore v0.A.0
2014-06-06 11:54:21,496 DEBUG [neo4j.diagnostics]:   RelationshipTypeStore v0.A.0
2014-06-06 11:54:21,496 DEBUG [neo4j.diagnostics]:   PropertyStore v0.A.0
2014-06-06 11:54:21,496 DEBUG [neo4j.diagnostics]:   PropertyIndexStore v0.A.0
2014-06-06 11:54:21,496 DEBUG [neo4j.diagnostics]:   StringPropertyStore v0.A.0
2014-06-06 11:54:21,496 DEBUG [neo4j.diagnostics]:   ArrayPropertyStore v0.A.0
2014-06-06 11:54:21,496 DEBUG [neo4j.diagnostics]: --- STARTUP diagnostics for NEO_STORE_VERSIONS END ---
2014-06-06 11:54:21,496 DEBUG [neo4j.diagnostics]: --- STARTUP diagnostics for NEO_STORE_ID_USAGE START ---
2014-06-06 11:54:21,496 DEBUG [neo4j.diagnostics]: Id usage:
2014-06-06 11:54:21,496 DEBUG [neo4j.diagnostics]: Id usage:
2014-06-06 11:54:21,496 DEBUG [neo4j.diagnostics]:   NodeStore: used=1 high=0
2014-06-06 11:54:21,496 DEBUG [neo4j.diagnostics]:   RelationshipStore: used=0 high=-1
2014-06-06 11:54:21,496 DEBUG [neo4j.diagnostics]:   RelationshipTypeStore: used=0 high=-1
2014-06-06 11:54:21,496 DEBUG [neo4j.diagnostics]:   PropertyStore: used=0 high=-1
2014-06-06 11:54:21,496 DEBUG [neo4j.diagnostics]:   PropertyIndexStore: used=0 high=-1
2014-06-06 11:54:21,496 DEBUG [neo4j.diagnostics]:   StringPropertyStore: used=1 high=0
2014-06-06 11:54:21,496 DEBUG [neo4j.diagnostics]:   ArrayPropertyStore: used=1 high=0
2014-06-06 11:54:21,496 DEBUG [neo4j.diagnostics]: --- STARTUP diagnostics for NEO_STORE_ID_USAGE END ---
2014-06-06 11:54:21,496 DEBUG [neo4j.diagnostics]: --- STARTUP diagnostics for PERSISTENCE_WINDOW_POOL_STATS START ---
2014-06-06 11:54:21,496 DEBUG [neo4j.diagnostics]: --- STARTUP diagnostics for PERSISTENCE_WINDOW_POOL_STATS END ---
2014-06-06 11:54:21,497 DEBUG [neo4j.diagnostics]: --- STARTUP diagnostics for KernelDiagnostics:StoreFiles START ---
2014-06-06 11:54:21,497 DEBUG [neo4j.diagnostics]: Disk space on partition (Total / Free / Free %): 442310180864 / 375091150848 / 15
Storage files: (filename : modification date - size)
2014-06-06 11:54:21,497 DEBUG [neo4j.diagnostics]:   neostore.relationshipstore.db.id: 2014-06-06T11:54:21-0600 - 9.00 B
2014-06-06 11:54:21,497 DEBUG [neo4j.diagnostics]:   neostore.relationshiptypestore.db.names.id: 2014-06-06T11:54:21-0600 - 9.00 B
2014-06-06 11:54:21,497 DEBUG [neo4j.diagnostics]:   neostore: 2014-06-06T11:54:21-0600 - 54.00 B
2014-06-06 11:54:21,497 DEBUG [neo4j.diagnostics]:   neostore.propertystore.db.id: 2014-06-06T11:54:21-0600 - 9.00 B
2014-06-06 11:54:21,497 DEBUG [neo4j.diagnostics]:   neostore.id: 2014-06-06T11:54:21-0600 - 9.00 B
2014-06-06 11:54:21,497 DEBUG [neo4j.diagnostics]:   neostore.propertystore.db.strings: 2014-06-06T11:54:21-0600 - 128.00 B
2014-06-06 11:54:21,497 DEBUG [neo4j.diagnostics]:   nioneo_logical.log.v0: 2014-06-06T11:54:20-0600 - 16.00 B
2014-06-06 11:54:21,497 DEBUG [neo4j.diagnostics]:   neostore.nodestore.db.id: 2014-06-06T11:54:21-0600 - 9.00 B
2014-06-06 11:54:21,498 DEBUG [neo4j.diagnostics]:   neostore.propertystore.db.arrays: 2014-06-06T11:54:21-0600 - 128.00 B
2014-06-06 11:54:21,498 DEBUG [neo4j.diagnostics]:   neostore.propertystore.db.index.keys.id: 2014-06-06T11:54:21-0600 - 9.00 B
2014-06-06 11:54:21,498 DEBUG [neo4j.diagnostics]:   neostore.relationshiptypestore.db.names: 2014-06-06T11:54:21-0600 - 38.00 B
2014-06-06 11:54:21,498 DEBUG [neo4j.diagnostics]:   neostore.propertystore.db.arrays.id: 2014-06-06T11:54:21-0600 - 9.00 B
2014-06-06 11:54:21,498 DEBUG [neo4j.diagnostics]:   neostore.relationshiptypestore.db: 2014-06-06T11:54:21-0600 - 0.00 B
2014-06-06 11:54:21,498 DEBUG [neo4j.diagnostics]:   neostore.relationshiptypestore.db.id: 2014-06-06T11:54:21-0600 - 9.00 B
2014-06-06 11:54:21,498 DEBUG [neo4j.diagnostics]:   neostore.propertystore.db.index.keys: 2014-06-06T11:54:21-0600 - 38.00 B
2014-06-06 11:54:21,498 DEBUG [neo4j.diagnostics]:   neostore.propertystore.db: 2014-06-06T11:54:21-0600 - 0.00 B
2014-06-06 11:54:21,498 DEBUG [neo4j.diagnostics]:   nioneo_logical.log.1: 2014-06-06T11:54:21-0600 - 16.00 B
2014-06-06 11:54:21,498 DEBUG [neo4j.diagnostics]:   messages.log: 2014-06-06T11:54:21-0600 - 67.73 kB
2014-06-06 11:54:21,498 DEBUG [neo4j.diagnostics]:   index.db: 2014-06-06T11:54:20-0600 - 461.00 B
2014-06-06 11:54:21,498 DEBUG [neo4j.diagnostics]:   neostore.propertystore.db.strings.id: 2014-06-06T11:54:21-0600 - 9.00 B
2014-06-06 11:54:21,498 DEBUG [neo4j.diagnostics]:   index:
2014-06-06 11:54:21,499 DEBUG [neo4j.diagnostics]:     lucene.log.1: 2014-06-06T11:54:21-0600 - 16.00 B
2014-06-06 11:54:21,499 DEBUG [neo4j.diagnostics]:     lucene.log.active: 2014-06-06T11:54:21-0600 - 4.00 B
2014-06-06 11:54:21,499 DEBUG [neo4j.diagnostics]:     lucene-store.db: 2014-06-06T11:54:20-0600 - 40.00 B
2014-06-06 11:54:21,499 DEBUG [neo4j.diagnostics]:     lucene.log.v0: 2014-06-06T11:54:20-0600 - 909.00 B
2014-06-06 11:54:21,499 DEBUG [neo4j.diagnostics]:   - Total: 2014-06-06T11:54:21-0600 - 969.00 B
2014-06-06 11:54:21,499 DEBUG [neo4j.diagnostics]:   neostore.propertystore.db.index.id: 2014-06-06T11:54:21-0600 - 9.00 B
2014-06-06 11:54:21,499 DEBUG [neo4j.diagnostics]:   lock: 2014-06-06T11:54:21-0600 - 0.00 B
2014-06-06 11:54:21,499 DEBUG [neo4j.diagnostics]:   neostore.nodestore.db: 2014-06-06T11:54:21-0600 - 9.00 B
2014-06-06 11:54:21,499 DEBUG [neo4j.diagnostics]:   tm_tx_log.1: 2014-06-06T11:54:21-0600 - 0.00 B
2014-06-06 11:54:21,499 DEBUG [neo4j.diagnostics]:   nioneo_logical.log.active: 2014-06-06T11:54:21-0600 - 4.00 B
2014-06-06 11:54:21,499 DEBUG [neo4j.diagnostics]:   active_tx_log: 2014-06-06T11:54:20-0600 - 11.00 B
2014-06-06 11:54:21,499 DEBUG [neo4j.diagnostics]:   neostore.relationshipstore.db: 2014-06-06T11:54:21-0600 - 0.00 B
2014-06-06 11:54:21,500 DEBUG [neo4j.diagnostics]:   neostore.propertystore.db.index: 2014-06-06T11:54:21-0600 - 0.00 B
2014-06-06 11:54:21,500 DEBUG [neo4j.diagnostics]: --- STARTUP diagnostics for KernelDiagnostics:StoreFiles END ---
2014-06-06 11:54:21,663 DEBUG [neo4j.diagnostics]: --- SHUTDOWN diagnostics START ---
2014-06-06 11:54:21,663 DEBUG [neo4j.diagnostics]: --- SHUTDOWN diagnostics END ---
